Removed Pin From Net: NetName=GND Pin=C6-1
Removed Pin From Net: NetName=5V Pin=C7-2
Removed Pin From Net: NetName=GND_EXT Pin=C17-2
Removed Pin From Net: NetName=GND_EXT Pin=C18-2
Removed Pin From Net: NetName=GND_EXT Pin=C19-2
Removed Pin From Net: NetName=GND Pin=C20-2
Removed Pin From Net: NetName=GND Pin=C21-2
Removed Pin From Net: NetName=GND Pin=C28-1
Removed Pin From Net: NetName=GND Pin=C30-1
Removed Pin From Net: NetName=5V_BUS Pin=C45-1
Removed Pin From Net: NetName=GND_BUS Pin=C45-2
Removed Pin From Net: NetName=GND_BUS Pin=C46-1
Removed Pin From Net: NetName=5V_BUS Pin=C46-2
Removed Pin From Net: NetName=GND_BUS Pin=C47-1
Removed Pin From Net: NetName=5V_BUS Pin=C47-2
Removed Pin From Net: NetName=GND_BUS Pin=D7-1
Removed Pin From Net: NetName=A Pin=D7-2
Removed Pin From Net: NetName=B Pin=D8-1
Removed Pin From Net: NetName=GND_BUS Pin=D8-2
Removed Pin From Net: NetName=12V Pin=F5-1
Removed Pin From Net: NetName=USART2_TX Pin=P1-1
Removed Pin From Net: NetName=USART2_RX Pin=P1-3
Removed Pin From Net: NetName=NetDS2_1 Pin=P1-4
Removed Pin From Net: NetName=NetDS3_1 Pin=P1-6
Removed Pin From Net: NetName=GND Pin=P1-11
Removed Pin From Net: NetName=GND Pin=P1-12
Removed Pin From Net: NetName=5V_CPU Pin=P1-13
Removed Pin From Net: NetName=5V_CPU Pin=P1-14
Removed Pin From Net: NetName=DI1 Pin=R13-2
Removed Pin From Net: NetName=3.3V Pin=R14-1
Removed Pin From Net: NetName=IN_D2 Pin=R14-2
Removed Pin From Net: NetName=DI2 Pin=R15-2
Removed Pin From Net: NetName=3.3V Pin=R16-1
Removed Pin From Net: NetName=IN_D3 Pin=R16-2
Removed Pin From Net: NetName=DI3 Pin=R19-2
Removed Pin From Net: NetName=GND Pin=R20-2
Removed Pin From Net: NetName=GND Pin=R21-2
Removed Pin From Net: NetName=3.3V Pin=R22-1
Removed Pin From Net: NetName=IN_D4 Pin=R22-2
Removed Pin From Net: NetName=DI4 Pin=R23-2
Removed Pin From Net: NetName=NetDS1_2 Pin=R32-1
Removed Pin From Net: NetName=GND Pin=R32-2
Removed Pin From Net: NetName=5V_CPU Pin=R52-2
Removed Pin From Net: NetName=5V_BUS Pin=R53-2
Removed Pin From Net: NetName=5V_CPU Pin=R54-2
Removed Pin From Net: NetName=A Pin=R55-1
Removed Pin From Net: NetName=5V_BUS Pin=R55-2
Removed Pin From Net: NetName=B Pin=R56-1
Removed Pin From Net: NetName=GND_BUS Pin=R56-2
Removed Pin From Net: NetName=A Pin=R57-1
Removed Pin From Net: NetName=A Pin=R58-1
Removed Pin From Net: NetName=NetDS2_2 Pin=R59-1
Removed Pin From Net: NetName=GND Pin=R59-2
Removed Pin From Net: NetName=GND Pin=R60-2
Removed Pin From Net: NetName=NetDS3_2 Pin=R61-1
Removed Pin From Net: NetName=GND Pin=R61-2
Removed Pin From Net: NetName=B Pin=S1-3
Removed Pin From Net: NetName=B Pin=S1-4
Removed Pin From Net: NetName=GND Pin=U2-1
Removed Pin From Net: NetName=3.3V Pin=U2-2
Removed Pin From Net: NetName=5V Pin=U2-3
Removed Pin From Net: NetName=3.3V Pin=U2-4
Removed Pin From Net: NetName=5V Pin=U3-2
Removed Pin From Net: NetName=GND Pin=U3-3
Removed Pin From Net: NetName=GND_EXT Pin=U8-2
Removed Pin From Net: NetName=GND Pin=U8-3
Removed Pin From Net: NetName=IN_D1 Pin=U8-4
Removed Pin From Net: NetName=GND_EXT Pin=U9-2
Removed Pin From Net: NetName=GND Pin=U9-3
Removed Pin From Net: NetName=IN_D2 Pin=U9-4
Removed Pin From Net: NetName=GND_EXT Pin=U10-2
Removed Pin From Net: NetName=GND Pin=U10-3
Removed Pin From Net: NetName=IN_D3 Pin=U10-4
Removed Pin From Net: NetName=GND_EXT Pin=U11-2
Removed Pin From Net: NetName=GND Pin=U11-3
Removed Pin From Net: NetName=IN_D4 Pin=U11-4
Removed Pin From Net: NetName=IN_D1 Pin=U16-20
Removed Pin From Net: NetName=IN_D2 Pin=U16-21
Removed Pin From Net: NetName=IN_D3 Pin=U16-22
Removed Pin From Net: NetName=IN_D4 Pin=U16-23
Removed Pin From Net: NetName=IN_D5 Pin=U16-24
Removed Pin From Net: NetName=IN_D6 Pin=U16-25
Removed Pin From Net: NetName=IN_D7 Pin=U16-26
Removed Pin From Net: NetName=IN_D8 Pin=U16-27
Removed Pin From Net: NetName=1-WIRE1 Pin=U16-28
Removed Pin From Net: NetName=1-WIRE2 Pin=U16-29
Removed Pin From Net: NetName=1-WIRE3 Pin=U16-30
Removed Pin From Net: NetName=ISR1 Pin=U16-33
Removed Pin From Net: NetName=ISR2 Pin=U16-34
Removed Pin From Net: NetName=ISR3 Pin=U16-35
Removed Pin From Net: NetName=ISR4 Pin=U16-36
Removed Pin From Net: NetName=ISR5 Pin=U16-37
Removed Pin From Net: NetName=ISR6 Pin=U16-38
Removed Pin From Net: NetName=ISR7 Pin=U16-39
Removed Pin From Net: NetName=ISR8 Pin=U16-40
Removed Pin From Net: NetName=GND_BUS Pin=U28-5
Removed Pin From Net: NetName=5V_BUS Pin=U28-7
Removed Pin From Net: NetName=5V_BUS Pin=U28-8
Removed Pin From Net: NetName=GND_BUS Pin=U29-5
Removed Pin From Net: NetName=A Pin=U29-6
Removed Pin From Net: NetName=B Pin=U29-7
Removed Pin From Net: NetName=5V_BUS Pin=U29-8
Removed Pin From Net: NetName=5V_BUS Pin=U30-1
Removed Pin From Net: NetName=GND_BUS Pin=U30-4
Removed Pin From Net: NetName=GND Pin=U30-5
Removed Pin From Net: NetName=5V_CPU Pin=U30-8
Removed Pin From Net: NetName=5V_BUS Pin=U31-1
Removed Pin From Net: NetName=GND_BUS Pin=U31-4
Removed Pin From Net: NetName=GND Pin=U31-5
Removed Pin From Net: NetName=USART2_RX Pin=U31-6
Removed Pin From Net: NetName=USART2_TX Pin=U31-7
Removed Pin From Net: NetName=5V_CPU Pin=U31-8
Removed Pin From Net: NetName=5V_BUS Pin=U32-1
Removed Pin From Net: NetName=GND_BUS Pin=U32-4
Removed Pin From Net: NetName=FY Pin=U32-5
Removed Pin From Net: NetName=FZ\ Pin=U32-6
Removed Pin From Net: NetName=FB\ Pin=U32-7
Removed Pin From Net: NetName=FA Pin=U32-8
Removed Pin From Net: NetName=12V_IN1 Pin=X1-1
Removed Pin From Net: NetName=12V_IN2 Pin=X2-1
Removed Pin From Net: NetName=GND Pin=X13-1
Removed Pin From Net: NetName=IN_D5 Pin=X13-2
Removed Pin From Net: NetName=IN_D7 Pin=X13-3
Removed Pin From Net: NetName=1-WIRE1 Pin=X13-4
Removed Pin From Net: NetName=1-WIRE3 Pin=X13-5
Removed Pin From Net: NetName=ISR2 Pin=X13-6
Removed Pin From Net: NetName=ISR4 Pin=X13-7
Removed Pin From Net: NetName=ISR3 Pin=X13-8
Removed Pin From Net: NetName=ISR1 Pin=X13-9
Removed Pin From Net: NetName=1-WIRE2 Pin=X13-10
Removed Pin From Net: NetName=IN_D8 Pin=X13-11
Removed Pin From Net: NetName=IN_D6 Pin=X13-12
Removed Pin From Net: NetName=5V Pin=X13-13
Removed Pin From Net: NetName=3.3V Pin=X13-14
Removed Pin From Net: NetName=12V Pin=XS1-4
Removed Pin From Net: NetName=12V Pin=XS2-4
Removed Pin From Net: NetName=A Pin=XS9-1
Removed Pin From Net: NetName=B Pin=XS9-2
Removed Pin From Net: NetName=GND_BUS Pin=XS9-3
Removed Pin From Net: NetName=GND_BUS Pin=XS9-4
Removed Pin From Net: NetName=B Pin=XS9-5
Removed Pin From Net: NetName=A Pin=XS9-6
Removed Pin From Net: NetName=FA Pin=XS10-1
Removed Pin From Net: NetName=FB\ Pin=XS10-2
Removed Pin From Net: NetName=GND_BUS Pin=XS10-3
Removed Pin From Net: NetName=GND_BUS Pin=XS10-4
Removed Pin From Net: NetName=FY Pin=XS10-5
Removed Pin From Net: NetName=FZ\ Pin=XS10-6
Removed Pin From Net: NetName=DI1 Pin=XS11-1
Removed Pin From Net: NetName=12V_EXT Pin=XS11-4
Removed Pin From Net: NetName=DI2 Pin=XS12-1
Removed Pin From Net: NetName=DI2 Pin=XS12-2
Removed Pin From Net: NetName=GND_EXT Pin=XS12-3
Removed Pin From Net: NetName=12V_EXT Pin=XS12-4
Removed Pin From Net: NetName=DI3 Pin=XS13-1
Removed Pin From Net: NetName=DI3 Pin=XS13-2
Removed Pin From Net: NetName=GND_EXT Pin=XS13-3
Removed Pin From Net: NetName=12V_EXT Pin=XS13-4
Removed Pin From Net: NetName=DI4 Pin=XS14-1
Removed Pin From Net: NetName=DI4 Pin=XS14-2
Removed Pin From Net: NetName=GND_EXT Pin=XS14-3
Removed Pin From Net: NetName=12V_EXT Pin=XS14-4
Removed Member From Class: ClassName=Sheet_MCU_IO Member=C21
Removed Member From Class: ClassName=Sheet_MCU_IO Member=C45
Removed Member From Class: ClassName=Sheet_MCU_IO Member=C46
Removed Member From Class: ClassName=Sheet_MCU_IO Member=C47
Removed Member From Class: ClassName=Sheet_Power Member=C48
Removed Member From Class: ClassName=Sheet_Power Member=F3
Removed Member From Class: ClassName=Sheet_Power Member=F4
Removed Member From Class: ClassName=Sheet_Power Member=F5
Removed Member From Class: ClassName=Sheet_MCU_IO Member=R52
Removed Member From Class: ClassName=Sheet_MCU_IO Member=R53
Removed Member From Class: ClassName=Sheet_MCU_IO Member=R54
Removed Member From Class: ClassName=Sheet_MCU_IO Member=R55
Removed Member From Class: ClassName=Sheet_MCU_IO Member=R56
Removed Member From Class: ClassName=Sheet_MCU_IO Member=R57
Removed Member From Class: ClassName=Sheet_MCU_IO Member=R58
Removed Member From Class: ClassName=Sheet_MCU_IO Member=R59
Removed Member From Class: ClassName=Sheet_MCU_IO Member=R60
Removed Member From Class: ClassName=Sheet_MCU_IO Member=R61
Removed Member From Class: ClassName=Sheet_MCU_IO Member=U28
Removed Member From Class: ClassName=Sheet_MCU_IO Member=U29
Removed Member From Class: ClassName=Sheet_MCU_IO Member=U30
Removed Member From Class: ClassName=Sheet_MCU_IO Member=U31
Removed Member From Class: ClassName=Sheet_MCU_IO Member=U32
Removed Member From Class: ClassName=Sheet_MCU_IO Member=X13
Removed Member From Class: ClassName=Sheet_MCU_IO Member=XS9
Removed Member From Class: ClassName=Sheet_MCU_IO Member=XS10
Removed Member From Class: ClassName=Sheet_MCU_IO Member=XS12
Removed Member From Class: ClassName=Sheet_MCU_IO Member=XS13
Removed Member From Class: ClassName=Sheet_MCU_IO Member=XS14
Change Component DesignItemId : Designator=U2 Old DesignItemId=LD1117AS33TR New DesignItemId=L7805ABD2T
Change Component DesignItemId : Designator=DS2 Old DesignItemId=LED_GREEN New DesignItemId=LED_YELLOW
Change Component DesignItemId : Designator=DS3 Old DesignItemId=LED_RED New DesignItemId=LED_GREEN
Change Component DesignItemId : Designator=U8 Old DesignItemId=PC817 New DesignItemId=6N137
Change Component DesignItemId : Designator=U10 Old DesignItemId=PC817 New DesignItemId=ADuM1201
Change Component DesignItemId : Designator=U11 Old DesignItemId=PC817 New DesignItemId=SN75179B
Change Component DesignItemId : Designator=U9 Old DesignItemId=PC817 New DesignItemId=ST485BDR
Change Component DesignItemId : Designator=D7 Old DesignItemId=SMBJ12CA New DesignItemId=BAT54S
Change Component DesignItemId : Designator=S1 Old DesignItemId=SW DIP-2 New DesignItemId=Swtich
Change Component DesignItemId : Designator=S2 Old DesignItemId=Swtich New DesignItemId=SW DIP-2
Change Component Footprint: Designator=C7 Old Footprint=C_0805 New Footprint=C_1206
Change Component Footprint: Designator=U8 Old Footprint=DIP-4 New Footprint=DIP-8
Change Component Footprint: Designator=U11 Old Footprint=DIP-4 New Footprint=SO-8_L
Change Component Footprint: Designator=U9 Old Footprint=DIP-4 New Footprint=SO-8_N
Change Component Footprint: Designator=U10 Old Footprint=DIP-4 New Footprint=SO-8_N
Change Component Footprint: Designator=DS2 Old Footprint=LED_GREEN New Footprint=LED_YELLOW
Change Component Footprint: Designator=DS3 Old Footprint=LED_RED New Footprint=LED_GREEN
Change Component Footprint: Designator=D7 Old Footprint=SMB New Footprint=SOT-23_d
Change Component Footprint: Designator=U2 Old Footprint=SOT-223_N New Footprint=D2PAK_3p
Change Component Footprint: Designator=S1 Old Footprint=Swich_DIP2 New Footprint=Swich_TACTA-68N-F_
Change Component Footprint: Designator=S2 Old Footprint=Swich_TACTA-68N-F_ New Footprint=Swich_DIP2
Change Component Comment : Designator=C7 Old Comment=0,1uF New Comment=Cap_Semi
Change Component Comment : Designator=C10 Old Comment=0,1uF New Comment=Cap_Semi
Change Component Comment : Designator=C11 Old Comment=0,1uF New Comment=Cap_Semi
Change Component Comment : Designator=C12 Old Comment=0,1uF New Comment=Cap_Semi
Change Component Comment : Designator=C13 Old Comment=0,1uF New Comment=Cap_Semi
Change Component Comment : Designator=C14 Old Comment=0,1uF New Comment=Cap_Semi
Change Component Comment : Designator=C16 Old Comment=0,1uF New Comment=Cap_Semi
Change Component Comment : Designator=C17 Old Comment=0,1uF New Comment=Cap_Semi
Change Component Comment : Designator=C18 Old Comment=0,1uF New Comment=Cap_Semi
Change Component Comment : Designator=C19 Old Comment=0,1uF New Comment=Cap_Semi
Change Component Comment : Designator=C32 Old Comment=0,1uF New Comment=Cap_Semi
Change Component Comment : Designator=C34 Old Comment=0,1uF New Comment=Cap_Semi
Change Component Comment : Designator=C35 Old Comment=0,1uF New Comment=Cap_Semi
Change Component Comment : Designator=C36 Old Comment=0,1uF New Comment=Cap_Semi
Change Component Comment : Designator=C38 Old Comment=0,1uF New Comment=Cap_Semi
Change Component Comment : Designator=C39 Old Comment=0,1uF New Comment=Cap_Semi
Change Component Comment : Designator=C41 Old Comment=0,1uF New Comment=Cap_Semi
Change Component Comment : Designator=C42 Old Comment=0,1uF New Comment=Cap_Semi
Change Component Comment : Designator=C1 Old Comment=0,47uF New Comment=Cap_Semi
Change Component Comment : Designator=C5 Old Comment=0,47uF New Comment=Cap_Semi
Change Component Comment : Designator=C48 Old Comment=0,47uF New Comment=Cap_Semi
Change Component Comment : Designator=C2 Old Comment=10nF New Comment=Cap_Semi
Change Component Comment : Designator=C43 Old Comment=10nF New Comment=Cap_Semi
Change Component Comment : Designator=C8 Old Comment=10uF New Comment=Cap_Polar
Change Component Comment : Designator=C9 Old Comment=10uF New Comment=Cap_Polar
Change Component Comment : Designator=C40 Old Comment=10uF New Comment=Cap_Polar
Change Component Comment : Designator=C44 Old Comment=10uF New Comment=Cap_Polar
Change Component Comment : Designator=C15 Old Comment=20pF New Comment=Cap_Semi
Change Component Comment : Designator=C28 Old Comment=20pF New Comment=Cap_Semi
Change Component Comment : Designator=C30 Old Comment=20pF New Comment=Cap_Semi
Change Component Comment : Designator=U2 Old Comment=LD1117AS33TR New Comment=L7805ABD2T
Change Component Comment : Designator=DS2 Old Comment=LED_GREEN New Comment=LED_YELLOW
Change Component Comment : Designator=DS3 Old Comment=LED_RED New Comment=LED_GREEN
Change Component Comment : Designator=U8 Old Comment=PC817C New Comment=6N137
Change Component Comment : Designator=U10 Old Comment=PC817C New Comment=ADuM1201
Change Component Comment : Designator=U11 Old Comment=PC817C New Comment=SN75179B
Change Component Comment : Designator=U9 Old Comment=PC817C New Comment=ST485BDR
Change Component Comment : Designator=F2 Old Comment=RFTQ-0.16A New Comment=RFTQ-2A
Change Component Comment : Designator=F1 Old Comment=RFTQ-2.5A New Comment=RFTQ-2A
Change Component Comment : Designator=D7 Old Comment=SMBJ12CA New Comment=BAT54S
Change Component Comment : Designator=D2 Old Comment=SMBJ15A New Comment=SMBJ13A
Change Component Comment : Designator=D3 Old Comment=SMBJ15A New Comment=SMBJ13A
Change Component Comment : Designator=S1 Old Comment=SW DIP-2 New Comment=Swtich
Change Component Comment : Designator=S2 Old Comment=Swtich New Comment=SW DIP-2
Change Component Designator: OldDesignator=C5 NewDesignator=C6
Change Component Designator: OldDesignator=C8 NewDesignator=C10
Change Component Designator: OldDesignator=C10 NewDesignator=C11
Change Component Designator: OldDesignator=C11 NewDesignator=C12
Change Component Designator: OldDesignator=C12 NewDesignator=C14
Change Component Designator: OldDesignator=C14 NewDesignator=C16
Change Component Designator: OldDesignator=C16 NewDesignator=C21
Change Component Designator: OldDesignator=C32 NewDesignator=C33
Change Component Designator: OldDesignator=C35 NewDesignator=C36
Change Component Designator: OldDesignator=C36 NewDesignator=C35
Change Component Designator: OldDesignator=C38 NewDesignator=C37
Change Component Designator: OldDesignator=C39 NewDesignator=C38
Change Component Designator: OldDesignator=C40 NewDesignator=C39
Change Component Designator: OldDesignator=C41 NewDesignator=C40
Change Component Designator: OldDesignator=C42 NewDesignator=C41
Change Component Designator: OldDesignator=C43 NewDesignator=C42
Change Component Designator: OldDesignator=C44 NewDesignator=C43
Change Component Designator: OldDesignator=C48 NewDesignator=C5
Change Component Designator: OldDesignator=D1.1 NewDesignator=D3
Change Component Designator: OldDesignator=D3 NewDesignator=D4
Change Component Designator: OldDesignator=D4 NewDesignator=D5
Change Component Designator: OldDesignator=R9 NewDesignator=R10
Change Component Designator: OldDesignator=R10 NewDesignator=R11
Change Component Designator: OldDesignator=R11 NewDesignator=R12
Change Component Designator: OldDesignator=R12 NewDesignator=R29
Change Component Designator: OldDesignator=R47 NewDesignator=R45
Change Component Designator: OldDesignator=R48 NewDesignator=R47
Change Component Designator: OldDesignator=R50 NewDesignator=R48
Change Component Designator: OldDesignator=R51 NewDesignator=R49
Change Component Designator: OldDesignator=U24 NewDesignator=U19
Change Component Designator: OldDesignator=U25 NewDesignator=U20
Change Component Designator: OldDesignator=U26 NewDesignator=U21
Change Component Designator: OldDesignator=U27 NewDesignator=U22
Change Component Designator: OldDesignator=X16 NewDesignator=X10
Change Component Designator: OldDesignator=X17 NewDesignator=X11
Change Component Designator: OldDesignator=X19 NewDesignator=X9
Change Component Designator: OldDesignator=XS11 NewDesignator=XS5
Added Component: Designator=C8(C_0805)
Added Component: Designator=C22(C_0805)
Added Component: Designator=C23(C_0805)
Added Component: Designator=C24(C_0805)
Added Component: Designator=C25(C_0805)
Added Component: Designator=C26(C_0805)
Added Component: Designator=C27(C_0805)
Added Component: Designator=C29(C_0805)
Added Component: Designator=C31(C_0805)
Added Component: Designator=C32(C_0805)
Added Component: Designator=D6(SOT-23_d)
Added Component: Designator=D9(SMB)
Added Component: Designator=DS4(LED_SMD_0805)
Added Component: Designator=DS5(LED_SMD_0805)
Added Component: Designator=DS6(LED_SMD_0805)
Added Component: Designator=DS7(LED_SMD_0805)
Added Component: Designator=R9(R_0805)
Added Component: Designator=R24(R_0805)
Added Component: Designator=R25(R_0805)
Added Component: Designator=R26(R_0805)
Added Component: Designator=R27(R_1206)
Added Component: Designator=R28(R_1206)
Added Component: Designator=R30(R_0805)
Added Component: Designator=R31(R_0805)
Added Component: Designator=R32(R_0805)
Added Component: Designator=R33(R_0805)
Added Component: Designator=R34(R_0805)
Added Component: Designator=R35(R_0805)
Added Component: Designator=R36(R_0805)
Added Component: Designator=R37(R_0805)
Added Component: Designator=R38(R_0805)
Added Component: Designator=R39(R_0805)
Added Component: Designator=R40(R_0805)
Added Component: Designator=U3(SOT-223_N)
Added Component: Designator=U12(SO-8_N)
Added Component: Designator=U13(DIP-4)
Added Component: Designator=U14(DIP-4)
Added Component: Designator=U15(SO-16_N)
Added Component: Designator=U17(DIP-4)
Added Component: Designator=U18(DIP-4)
Added Component: Designator=VT1(SOT-23_N)
Added Component: Designator=VT2(SOT-23_N)
Added Component: Designator=VT3(SOT-23_N)
Added Component: Designator=X4(PLS-2-2)
Added Component: Designator=X5(PLS-2-2)
Added Component: Designator=X6(PLS-2-2)
Added Component: Designator=X7(PLS-2-2)
Added Component: Designator=X8(PLS2-14)
Added Component: Designator=XS3(RJ-12 - TJ4-6P6C)
Added Component: Designator=XS4(RJ-45 - TJ12-8P8C)
Added Component: Designator=XS6(RJ-11 - TJ4-4P4C)
Added Component: Designator=XS7(RJ-11 - TJ4-4P4C)
Added Component: Designator=XS8(RJ-11 - TJ4-4P4C)
Added Pin To Net: NetName=12V Pin=C3-1
Added Pin To Net: NetName=12V Pin=C7-2
Added Pin To Net: NetName=GND Pin=C7-1
Added Pin To Net: NetName=5V Pin=C7-2
Added Pin To Net: NetName=12V Pin=C12-1
Added Pin To Net: NetName=12V Pin=C14-2
Added Pin To Net: NetName=5V Pin=C17-1
Added Pin To Net: NetName=GND Pin=C17-2
Added Pin To Net: NetName=5V_BUS Pin=C18-1
Added Pin To Net: NetName=GND_BUS Pin=C18-2
Added Pin To Net: NetName=5V Pin=C19-1
Added Pin To Net: NetName=GND Pin=C19-2
Added Pin To Net: NetName=GND_BUS Pin=C20-1
Added Pin To Net: NetName=5V_BUS Pin=C20-2
Added Pin To Net: NetName=GND_BUS Pin=C22-1
Added Pin To Net: NetName=5V_BUS Pin=C22-2
Added Pin To Net: NetName=NetC23_1 Pin=C23-1
Added Pin To Net: NetName=GND_EXT Pin=C23-2
Added Pin To Net: NetName=NetC24_1 Pin=C24-1
Added Pin To Net: NetName=GND_BUS Pin=C25-1
Added Pin To Net: NetName=NetC26_1 Pin=C26-1
Added Pin To Net: NetName=NetC27_1 Pin=C27-1
Added Pin To Net: NetName=GND_EXT Pin=C27-2
Added Pin To Net: NetName=GND_BUS Pin=C28-1
Added Pin To Net: NetName=5V_BUS Pin=C28-2
Added Pin To Net: NetName=GND_BUS Pin=C29-1
Added Pin To Net: NetName=GND_EXT Pin=C30-2
Added Pin To Net: NetName=GND Pin=C28-1
Added Pin To Net: NetName=GND Pin=C30-1
Added Pin To Net: NetName=12V Pin=D1-2
Added Pin To Net: NetName=12V Pin=D3-2
Added Pin To Net: NetName=GND Pin=D6-1
Added Pin To Net: NetName=5V Pin=D6-2
Added Pin To Net: NetName=1-WIRE1 Pin=D6-3
Added Pin To Net: NetName=GND Pin=D7-1
Added Pin To Net: NetName=5V Pin=D7-2
Added Pin To Net: NetName=1-WIRE2 Pin=D7-3
Added Pin To Net: NetName=GND_BUS Pin=D8-1
Added Pin To Net: NetName=A Pin=D8-2
Added Pin To Net: NetName=B Pin=D9-1
Added Pin To Net: NetName=GND_BUS Pin=D9-2
Added Pin To Net: NetName=GND_EXT Pin=DS4-2
Added Pin To Net: NetName=GND_EXT Pin=DS5-2
Added Pin To Net: NetName=GND_EXT Pin=DS6-2
Added Pin To Net: NetName=GND_EXT Pin=DS7-2
Added Pin To Net: NetName=12V_IN1 Pin=F1-1
Added Pin To Net: NetName=12V_IN2 Pin=F2-1
Added Pin To Net: NetName=USART2_TX Pin=P1-7
Added Pin To Net: NetName=USART2_RX Pin=P1-9
Added Pin To Net: NetName=GND Pin=P1-14
Added Pin To Net: NetName=GND_OD Pin=R8-1
Added Pin To Net: NetName=NetC13_2 Pin=R8-2
Added Pin To Net: NetName=5V_CPU Pin=R14-1
Added Pin To Net: NetName=5V_CPU Pin=R15-2
Added Pin To Net: NetName=B Pin=R16-1
Added Pin To Net: NetName=GND_BUS Pin=R16-2
Added Pin To Net: NetName=A Pin=R17-1
Added Pin To Net: NetName=5V_BUS Pin=R17-2
Added Pin To Net: NetName=1-WIRE1 Pin=R18-1
Added Pin To Net: NetName=5V Pin=R18-2
Added Pin To Net: NetName=5V_BUS Pin=R20-2
Added Pin To Net: NetName=5V_CPU Pin=R21-2
Added Pin To Net: NetName=5V_CPU Pin=R22-1
Added Pin To Net: NetName=NetDS2_1 Pin=R22-2
Added Pin To Net: NetName=5V_CPU Pin=R24-1
Added Pin To Net: NetName=NetDS3_1 Pin=R24-2
Added Pin To Net: NetName=1-WIRE2 Pin=R25-1
Added Pin To Net: NetName=5V Pin=R25-2
Added Pin To Net: NetName=GND Pin=R26-2
Added Pin To Net: NetName=B Pin=R27-1
Added Pin To Net: NetName=B Pin=R28-1
Added Pin To Net: NetName=DI1 Pin=R13-2
Added Pin To Net: NetName=DI1 Pin=R31-2
Added Pin To Net: NetName=3.3V Pin=R14-1
Added Pin To Net: NetName=IN_D2 Pin=R14-2
Added Pin To Net: NetName=NetC23_1 Pin=R33-1
Added Pin To Net: NetName=DI2 Pin=R33-2
Added Pin To Net: NetName=DI2 Pin=R34-2
Added Pin To Net: NetName=3.3V Pin=R16-1
Added Pin To Net: NetName=IN_D3 Pin=R16-2
Added Pin To Net: NetName=NetC27_1 Pin=R36-1
Added Pin To Net: NetName=DI3 Pin=R36-2
Added Pin To Net: NetName=DI3 Pin=R37-2
Added Pin To Net: NetName=3.3V Pin=R22-1
Added Pin To Net: NetName=IN_D4 Pin=R22-2
Added Pin To Net: NetName=DI4 Pin=R39-2
Added Pin To Net: NetName=DI4 Pin=R40-2
Added Pin To Net: NetName=A Pin=S2-3
Added Pin To Net: NetName=A Pin=S2-4
Added Pin To Net: NetName=12V Pin=U1-1
Added Pin To Net: NetName=12V Pin=U2-1
Added Pin To Net: NetName=5V Pin=U2-2
Added Pin To Net: NetName=GND Pin=U2-3
Added Pin To Net: NetName=GND Pin=U2-1
Added Pin To Net: NetName=3.3V Pin=U2-2
Added Pin To Net: NetName=5V Pin=U2-3
Added Pin To Net: NetName=12V Pin=U4-2
Added Pin To Net: NetName=12V Pin=U7-1
Added Pin To Net: NetName=GND_BUS Pin=U8-5
Added Pin To Net: NetName=5V_BUS Pin=U8-7
Added Pin To Net: NetName=5V_BUS Pin=U8-8
Added Pin To Net: NetName=GND_BUS Pin=U9-5
Added Pin To Net: NetName=A Pin=U9-6
Added Pin To Net: NetName=B Pin=U9-7
Added Pin To Net: NetName=5V_BUS Pin=U9-8
Added Pin To Net: NetName=5V_BUS Pin=U10-1
Added Pin To Net: NetName=GND_BUS Pin=U10-4
Added Pin To Net: NetName=GND Pin=U10-5
Added Pin To Net: NetName=USART2_RX Pin=U10-6
Added Pin To Net: NetName=USART2_TX Pin=U10-7
Added Pin To Net: NetName=5V_CPU Pin=U10-8
Added Pin To Net: NetName=5V_BUS Pin=U11-1
Added Pin To Net: NetName=GND_BUS Pin=U11-4
Added Pin To Net: NetName=FY Pin=U11-5
Added Pin To Net: NetName=FZ\ Pin=U11-6
Added Pin To Net: NetName=FB\ Pin=U11-7
Added Pin To Net: NetName=FA Pin=U11-8
Added Pin To Net: NetName=5V_BUS Pin=U12-1
Added Pin To Net: NetName=GND_BUS Pin=U12-4
Added Pin To Net: NetName=GND Pin=U12-5
Added Pin To Net: NetName=5V_CPU Pin=U12-8
Added Pin To Net: NetName=GND_EXT Pin=U8-2
Added Pin To Net: NetName=GND Pin=U8-3
Added Pin To Net: NetName=IN_D1 Pin=U8-4
Added Pin To Net: NetName=NetC23_1 Pin=U9-1
Added Pin To Net: NetName=GND_EXT Pin=U9-2
Added Pin To Net: NetName=GND Pin=U9-3
Added Pin To Net: NetName=IN_D2 Pin=U9-4
Added Pin To Net: NetName=NetC24_1 Pin=U15-1
Added Pin To Net: NetName=NetC26_1 Pin=U15-4
Added Pin To Net: NetName=GND_BUS Pin=U15-15
Added Pin To Net: NetName=5V_BUS Pin=U15-16
Added Pin To Net: NetName=1-WIRE1 Pin=U16-18
Added Pin To Net: NetName=1-WIRE2 Pin=U16-19
Added Pin To Net: NetName=IN_D1 Pin=U16-21
Added Pin To Net: NetName=IN_D2 Pin=U16-22
Added Pin To Net: NetName=IN_D3 Pin=U16-23
Added Pin To Net: NetName=IN_D4 Pin=U16-24
Added Pin To Net: NetName=IN_D5 Pin=U16-25
Added Pin To Net: NetName=IN_D6 Pin=U16-26
Added Pin To Net: NetName=IN_D7 Pin=U16-27
Added Pin To Net: NetName=IN_D8 Pin=U16-28
Added Pin To Net: NetName=1-WIRE3 Pin=U16-29
Added Pin To Net: NetName=ISR1 Pin=U16-34
Added Pin To Net: NetName=ISR2 Pin=U16-35
Added Pin To Net: NetName=ISR3 Pin=U16-36
Added Pin To Net: NetName=ISR4 Pin=U16-37
Added Pin To Net: NetName=ISR5 Pin=U16-38
Added Pin To Net: NetName=ISR6 Pin=U16-39
Added Pin To Net: NetName=ISR7 Pin=U16-40
Added Pin To Net: NetName=ISR8 Pin=U16-41
Added Pin To Net: NetName=NetC27_1 Pin=U10-1
Added Pin To Net: NetName=GND_EXT Pin=U10-2
Added Pin To Net: NetName=GND Pin=U10-3
Added Pin To Net: NetName=IN_D3 Pin=U10-4
Added Pin To Net: NetName=GND_EXT Pin=U11-2
Added Pin To Net: NetName=GND Pin=U11-3
Added Pin To Net: NetName=IN_D4 Pin=U11-4
Added Pin To Net: NetName=GND Pin=VT1-2
Added Pin To Net: NetName=NetDS1_2 Pin=VT1-3
Added Pin To Net: NetName=GND Pin=VT2-2
Added Pin To Net: NetName=NetDS2_2 Pin=VT2-3
Added Pin To Net: NetName=GND Pin=VT3-2
Added Pin To Net: NetName=NetDS3_2 Pin=VT3-3
Added Pin To Net: NetName=GND Pin=X8-1
Added Pin To Net: NetName=IN_D5 Pin=X8-2
Added Pin To Net: NetName=IN_D7 Pin=X8-3
Added Pin To Net: NetName=1-WIRE1 Pin=X8-4
Added Pin To Net: NetName=1-WIRE3 Pin=X8-5
Added Pin To Net: NetName=ISR2 Pin=X8-6
Added Pin To Net: NetName=ISR4 Pin=X8-7
Added Pin To Net: NetName=ISR3 Pin=X8-8
Added Pin To Net: NetName=ISR1 Pin=X8-9
Added Pin To Net: NetName=1-WIRE2 Pin=X8-10
Added Pin To Net: NetName=IN_D8 Pin=X8-11
Added Pin To Net: NetName=IN_D6 Pin=X8-12
Added Pin To Net: NetName=5V Pin=X8-13
Added Pin To Net: NetName=3.3V Pin=X8-14
Added Pin To Net: NetName=1-WIRE1 Pin=XS1-2
Added Pin To Net: NetName=5V Pin=XS1-4
Added Pin To Net: NetName=1-WIRE2 Pin=XS2-2
Added Pin To Net: NetName=5V Pin=XS2-4
Added Pin To Net: NetName=A Pin=XS3-1
Added Pin To Net: NetName=B Pin=XS3-2
Added Pin To Net: NetName=GND_BUS Pin=XS3-3
Added Pin To Net: NetName=GND_BUS Pin=XS3-4
Added Pin To Net: NetName=B Pin=XS3-5
Added Pin To Net: NetName=A Pin=XS3-6
Added Pin To Net: NetName=GND_BUS Pin=XS4-3
Added Pin To Net: NetName=FZ\ Pin=XS4-4
Added Pin To Net: NetName=FY Pin=XS4-5
Added Pin To Net: NetName=FB\ Pin=XS4-7
Added Pin To Net: NetName=FA Pin=XS4-8
Added Pin To Net: NetName=12V_EXT Pin=XS5-1
Added Pin To Net: NetName=12V_EXT Pin=XS6-1
Added Pin To Net: NetName=DI2 Pin=XS6-2
Added Pin To Net: NetName=GND_EXT Pin=XS6-3
Added Pin To Net: NetName=12V_EXT Pin=XS7-1
Added Pin To Net: NetName=DI3 Pin=XS7-2
Added Pin To Net: NetName=GND_EXT Pin=XS7-3
Added Pin To Net: NetName=12V_EXT Pin=XS8-1
Added Pin To Net: NetName=DI4 Pin=XS8-2
Added Pin To Net: NetName=GND_EXT Pin=XS8-3
Change Net Name : Old Net Name=12V_IN1 New Net Name=NetC1_2
Change Net Name : Old Net Name=12V_IN2 New Net Name=NetC6_2
Change Net Name : Old Net Name=NetC32_1 New Net Name=NetC33_1
Change Net Name : Old Net Name=NetC36_1 New Net Name=NetC35_1
Change Net Name : Old Net Name=NetC38_1 New Net Name=NetC37_1
Change Net Name : Old Net Name=NetD4_2 New Net Name=NetD5_2
Added Pin To Net: NetName=1-WIRE4 Pin=U16-30
Added Net: Name=1-WIRE4
Added Pin To Net: NetName=1-WIRE5 Pin=U16-33
Added Net: Name=1-WIRE5
Added Pin To Net: NetName=12V_IN1 Pin=F1-2
Added Pin To Net: NetName=12V_IN1 Pin=X1-1
Added Net: Name=12V_IN1
Added Pin To Net: NetName=12V_IN2 Pin=F2-2
Added Pin To Net: NetName=12V_IN2 Pin=X2-1
Added Net: Name=12V_IN2
Added Pin To Net: NetName=BUTTOM Pin=P1-6
Added Pin To Net: NetName=BUTTOM Pin=S1-2
Added Net: Name=BUTTOM
Added Pin To Net: NetName=CAN_RX Pin=P1-13
Added Net: Name=CAN_RX
Added Pin To Net: NetName=CAN_TX Pin=P1-11
Added Net: Name=CAN_TX
Added Pin To Net: NetName=LED1_RED Pin=P1-12
Added Pin To Net: NetName=LED1_RED Pin=R13-2
Added Net: Name=LED1_RED
Added Pin To Net: NetName=LED2_ORANGE Pin=P1-10
Added Pin To Net: NetName=LED2_ORANGE Pin=R19-2
Added Net: Name=LED2_ORANGE
Added Pin To Net: NetName=LED3_GREEN Pin=P1-8
Added Pin To Net: NetName=LED3_GREEN Pin=R23-2
Added Net: Name=LED3_GREEN
Added Pin To Net: NetName=NetC21_1 Pin=C21-1
Added Pin To Net: NetName=NetC21_1 Pin=R13-1
Added Pin To Net: NetName=NetC21_1 Pin=U8-1
Added Net: Name=NetC21_1
Added Pin To Net: NetName=NetC24_2 Pin=C24-2
Added Pin To Net: NetName=NetC24_2 Pin=U15-3
Added Net: Name=NetC24_2
Added Pin To Net: NetName=NetC25_2 Pin=C25-2
Added Pin To Net: NetName=NetC25_2 Pin=U15-2
Added Net: Name=NetC25_2
Added Pin To Net: NetName=NetC26_2 Pin=C26-2
Added Pin To Net: NetName=NetC26_2 Pin=U15-5
Added Net: Name=NetC26_2
Added Pin To Net: NetName=NetC29_2 Pin=C29-2
Added Pin To Net: NetName=NetC29_2 Pin=U15-6
Added Net: Name=NetC29_2
Added Pin To Net: NetName=NetC30_1 Pin=C30-1
Added Pin To Net: NetName=NetC30_1 Pin=R39-1
Added Pin To Net: NetName=NetC30_1 Pin=U11-1
Added Net: Name=NetC30_1
Added Pin To Net: NetName=NetC31_2 Pin=C28-2
Added Pin To Net: NetName=NetC31_2 Pin=U16-5
Added Pin To Net: NetName=NetC31_2 Pin=ZQ1-2
Added Net: Name=NetC31_2
Added Pin To Net: NetName=NetC32_2 Pin=C30-2
Added Pin To Net: NetName=NetC32_2 Pin=U16-6
Added Pin To Net: NetName=NetC32_2 Pin=ZQ1-1
Added Net: Name=NetC32_2
Added Pin To Net: NetName=NetDS1_1 Pin=DS1-1
Added Pin To Net: NetName=NetDS1_1 Pin=R14-2
Added Net: Name=NetDS1_1
Added Pin To Net: NetName=NetDS4_1 Pin=DS4-1
Added Pin To Net: NetName=NetDS4_1 Pin=R31-1
Added Net: Name=NetDS4_1
Added Pin To Net: NetName=NetDS5_1 Pin=DS5-1
Added Pin To Net: NetName=NetDS5_1 Pin=R34-1
Added Net: Name=NetDS5_1
Added Pin To Net: NetName=NetDS6_1 Pin=DS6-1
Added Pin To Net: NetName=NetDS6_1 Pin=R37-1
Added Net: Name=NetDS6_1
Added Pin To Net: NetName=NetDS7_1 Pin=DS7-1
Added Pin To Net: NetName=NetDS7_1 Pin=R40-1
Added Net: Name=NetDS7_1
Added Pin To Net: NetName=NetR13_1 Pin=R13-1
Added Pin To Net: NetName=NetR13_1 Pin=VT1-1
Added Net: Name=NetR13_1
Added Pin To Net: NetName=NetR15_1 Pin=R15-1
Added Pin To Net: NetName=NetR15_1 Pin=U8-2
Added Net: Name=NetR15_1
Added Pin To Net: NetName=NetR19_1 Pin=R19-1
Added Pin To Net: NetName=NetR19_1 Pin=VT2-1
Added Net: Name=NetR19_1
Added Pin To Net: NetName=NetR20_1 Pin=R20-1
Added Pin To Net: NetName=NetR20_1 Pin=U8-6
Added Pin To Net: NetName=NetR20_1 Pin=U9-2
Added Pin To Net: NetName=NetR20_1 Pin=U9-3
Added Net: Name=NetR20_1
Added Pin To Net: NetName=NetR23_1 Pin=R23-1
Added Pin To Net: NetName=NetR23_1 Pin=VT3-1
Added Net: Name=NetR23_1
Added Pin To Net: NetName=NetR26_1 Pin=R26-1
Added Pin To Net: NetName=NetR26_1 Pin=S1-1
Added Net: Name=NetR26_1
Added Pin To Net: NetName=NetR27_2 Pin=R27-2
Added Pin To Net: NetName=NetR27_2 Pin=S2-1
Added Net: Name=NetR27_2
Added Pin To Net: NetName=NetR28_2 Pin=R28-2
Added Pin To Net: NetName=NetR28_2 Pin=S2-2
Added Net: Name=NetR28_2
Added Pin To Net: NetName=NetU9_1 Pin=U9-1
Added Pin To Net: NetName=NetU9_1 Pin=U10-3
Added Net: Name=NetU9_1
Added Pin To Net: NetName=NetU9_4 Pin=U9-4
Added Pin To Net: NetName=NetU9_4 Pin=U10-2
Added Net: Name=NetU9_4
Added Pin To Net: NetName=NetU15_11 Pin=U15-11
Added Pin To Net: NetName=NetU15_11 Pin=X6-2
Added Net: Name=NetU15_11
Added Pin To Net: NetName=NetU15_12 Pin=U15-12
Added Pin To Net: NetName=NetU15_12 Pin=X7-2
Added Net: Name=NetU15_12
Added Pin To Net: NetName=RX6. Pin=U11-2
Added Pin To Net: NetName=RX6. Pin=X4-2
Added Net: Name=RX6.
Added Pin To Net: NetName=RX6 Pin=U12-3
Added Pin To Net: NetName=RX6 Pin=X4-1
Added Pin To Net: NetName=RX6 Pin=X7-1
Added Net: Name=RX6
Added Pin To Net: NetName=RX232 Pin=U15-13
Added Pin To Net: NetName=RX232 Pin=XS4-2
Added Net: Name=RX232
Added Pin To Net: NetName=TX6. Pin=U11-3
Added Pin To Net: NetName=TX6. Pin=X5-2
Added Net: Name=TX6.
Added Pin To Net: NetName=TX6 Pin=U12-2
Added Pin To Net: NetName=TX6 Pin=X5-1
Added Pin To Net: NetName=TX6 Pin=X6-1
Added Net: Name=TX6
Added Pin To Net: NetName=TX232 Pin=U15-14
Added Pin To Net: NetName=TX232 Pin=XS4-6
Added Net: Name=TX232
Added Pin To Net: NetName=USART2_DE Pin=P1-5
Added Pin To Net: NetName=USART2_DE Pin=R21-1
Added Pin To Net: NetName=USART2_DE Pin=U8-3
Added Net: Name=USART2_DE
Added Pin To Net: NetName=USART5_RX Pin=P1-2
Added Pin To Net: NetName=USART5_RX Pin=U16-42
Added Net: Name=USART5_RX
Added Pin To Net: NetName=USART5_TX Pin=P1-4
Added Pin To Net: NetName=USART5_TX Pin=U16-43
Added Net: Name=USART5_TX
Added Pin To Net: NetName=USART6_RX Pin=P1-1
Added Pin To Net: NetName=USART6_RX Pin=U12-6
Added Net: Name=USART6_RX
Added Pin To Net: NetName=USART6_TX Pin=P1-3
Added Pin To Net: NetName=USART6_TX Pin=U12-7
Added Net: Name=USART6_TX
Added Member To Class: ClassName=Sheet_Power Member=Component C16 Cap_Semi
Added Member To Class: ClassName=Sheet_MCU_IO Member=Component C22 Cap_Semi
Added Member To Class: ClassName=Sheet_MCU_IO Member=Component C23 Cap_Semi
Added Member To Class: ClassName=Sheet_MCU_IO Member=Component C24 Cap_Semi
Added Member To Class: ClassName=Sheet_MCU_IO Member=Component C25 Cap_Semi
Added Member To Class: ClassName=Sheet_MCU_IO Member=Component C26 Cap_Semi
Added Member To Class: ClassName=Sheet_MCU_IO Member=Component C27 Cap_Semi
Added Member To Class: ClassName=Sheet_MCU_IO Member=Component C29 Cap_Semi
Added Member To Class: ClassName=Sheet_MCU_IO Member=Component C31 Cap_Semi
Added Member To Class: ClassName=Sheet_MCU_IO Member=Component C33 Cap_Semi
Added Member To Class: ClassName=Sheet_MCU_IO Member=Component D6 BAT54S
Added Member To Class: ClassName=Sheet_MCU_IO Member=Component D9 SMBJ12CA
Added Member To Class: ClassName=Sheet_MCU_IO Member=Component DS4 Green
Added Member To Class: ClassName=Sheet_MCU_IO Member=Component DS5 Green
Added Member To Class: ClassName=Sheet_MCU_IO Member=Component DS6 Green
Added Member To Class: ClassName=Sheet_MCU_IO Member=Component DS7 Green
Added Member To Class: ClassName=Sheet_Power Member=Component R12 Resistor
Added Member To Class: ClassName=Sheet_MCU_IO Member=Component R24 Resistor
Added Member To Class: ClassName=Sheet_MCU_IO Member=Component R25 Resistor
Added Member To Class: ClassName=Sheet_MCU_IO Member=Component R26 Resistor
Added Member To Class: ClassName=Sheet_MCU_IO Member=Component R27 Resistor
Added Member To Class: ClassName=Sheet_MCU_IO Member=Component R28 Resistor
Added Member To Class: ClassName=Sheet_MCU_IO Member=Component R30 Resistor
Added Member To Class: ClassName=Sheet_MCU_IO Member=Component R31 Resistor
Added Member To Class: ClassName=Sheet_MCU_IO Member=Component R33 Resistor
Added Member To Class: ClassName=Sheet_MCU_IO Member=Component R34 Resistor
Added Member To Class: ClassName=Sheet_MCU_IO Member=Component R35 Resistor
Added Member To Class: ClassName=Sheet_MCU_IO Member=Component R36 Resistor
Added Member To Class: ClassName=Sheet_MCU_IO Member=Component R37 Resistor
Added Member To Class: ClassName=Sheet_MCU_IO Member=Component R38 Resistor
Added Member To Class: ClassName=Sheet_MCU_IO Member=Component R39 Resistor
Added Member To Class: ClassName=Sheet_MCU_IO Member=Component R40 Resistor
Added Member To Class: ClassName=Sheet_MCU_IO Member=Component U12 ADuM1201
Added Member To Class: ClassName=Sheet_MCU_IO Member=Component U13 PC817C
Added Member To Class: ClassName=Sheet_MCU_IO Member=Component U14 PC817C
Added Member To Class: ClassName=Sheet_MCU_IO Member=Component U15 MAX3232
Added Member To Class: ClassName=Sheet_MCU_IO Member=Component U17 PC817C
Added Member To Class: ClassName=Sheet_MCU_IO Member=Component U18 PC817C
Added Member To Class: ClassName=Sheet_MCU_IO Member=Component VT1 BC817
Added Member To Class: ClassName=Sheet_MCU_IO Member=Component VT2 BC817
Added Member To Class: ClassName=Sheet_MCU_IO Member=Component VT3 BC817
Added Member To Class: ClassName=Sheet_MCU_IO Member=Component X4 JMP
Added Member To Class: ClassName=Sheet_MCU_IO Member=Component X5 JMP
Added Member To Class: ClassName=Sheet_MCU_IO Member=Component X6 JMP
Added Member To Class: ClassName=Sheet_MCU_IO Member=Component X7 JMP
Added Member To Class: ClassName=Sheet_MCU_IO Member=Component X8 PLS2-14
Added Member To Class: ClassName=Sheet_MCU_IO Member=Component XS3 RJ-12
Added Member To Class: ClassName=Sheet_MCU_IO Member=Component XS4 TJ4-8P8C
Added Member To Class: ClassName=Sheet_MCU_IO Member=Component XS6 RJ-11
Added Member To Class: ClassName=Sheet_MCU_IO Member=Component XS7 RJ-11
Added Member To Class: ClassName=Sheet_MCU_IO Member=Component XS8 RJ-11
Added Room: Name=Sheet_MCU_IO
Added Room: Name=Sheet_Power
