Removed Pin From Net: NetName=GND_EXT_T Pin=C22-2
Removed Pin From Net: NetName=GND_EXT_T Pin=C23-2
Removed Pin From Net: NetName=GND_EXT_T Pin=C24-2
Removed Pin From Net: NetName=GND_EXT_T Pin=C25-2
Removed Pin From Net: NetName=DCI1 Pin=C26-2
Removed Pin From Net: NetName=DCI2 Pin=C27-2
Removed Pin From Net: NetName=DCI3 Pin=C29-2
Removed Pin From Net: NetName=DCI4 Pin=C31-2
Removed Pin From Net: NetName=5V_T Pin=C33-1
Removed Pin From Net: NetName=GND_T Pin=C33-2
Removed Pin From Net: NetName=5V_T Pin=C37-1
Removed Pin From Net: NetName=GND_T Pin=C37-2
Removed Pin From Net: NetName=GND_T Pin=D5-1
Removed Pin From Net: NetName=5V_T Pin=D5-2
Removed Pin From Net: NetName=GND_T Pin=D6-1
Removed Pin From Net: NetName=5V_T Pin=D6-2
Removed Pin From Net: NetName=3.3V_T Pin=R24-1
Removed Pin From Net: NetName=IN_D5_T Pin=R24-2
Removed Pin From Net: NetName=DI5 Pin=R25-2
Removed Pin From Net: NetName=3.3V_T Pin=R26-1
Removed Pin From Net: NetName=IN_D6_T Pin=R26-2
Removed Pin From Net: NetName=DI6 Pin=R27-2
Removed Pin From Net: NetName=3.3V_T Pin=R28-1
Removed Pin From Net: NetName=IN_D7_T Pin=R28-2
Removed Pin From Net: NetName=DI7 Pin=R29-2
Removed Pin From Net: NetName=3.3V_T Pin=R30-1
Removed Pin From Net: NetName=IN_D8_T Pin=R30-2
Removed Pin From Net: NetName=DI8 Pin=R31-2
Removed Pin From Net: NetName=3.3V_T Pin=R33-1
Removed Pin From Net: NetName=ISR1_T Pin=R33-2
Removed Pin From Net: NetName=12V_EXT_T Pin=R34-2
Removed Pin From Net: NetName=3.3V_T Pin=R35-1
Removed Pin From Net: NetName=ISR2_T Pin=R35-2
Removed Pin From Net: NetName=12V_EXT_T Pin=R36-2
Removed Pin From Net: NetName=3.3V_T Pin=R37-1
Removed Pin From Net: NetName=ISR3_T Pin=R37-2
Removed Pin From Net: NetName=12V_EXT_T Pin=R38-2
Removed Pin From Net: NetName=3.3V_T Pin=R39-1
Removed Pin From Net: NetName=ISR4_T Pin=R39-2
Removed Pin From Net: NetName=12V_EXT_T Pin=R40-2
Removed Pin From Net: NetName=5V_T Pin=R45-2
Removed Pin From Net: NetName=5V_T Pin=R49-2
Removed Pin From Net: NetName=GND_EXT_T Pin=U12-2
Removed Pin From Net: NetName=GND_T Pin=U12-3
Removed Pin From Net: NetName=IN_D5_T Pin=U12-4
Removed Pin From Net: NetName=GND_EXT_T Pin=U13-2
Removed Pin From Net: NetName=GND_T Pin=U13-3
Removed Pin From Net: NetName=IN_D6_T Pin=U13-4
Removed Pin From Net: NetName=GND_EXT_T Pin=U14-2
Removed Pin From Net: NetName=GND_T Pin=U14-3
Removed Pin From Net: NetName=IN_D7_T Pin=U14-4
Removed Pin From Net: NetName=GND_EXT_T Pin=U15-2
Removed Pin From Net: NetName=GND_T Pin=U15-3
Removed Pin From Net: NetName=IN_D8_T Pin=U15-4
Removed Pin From Net: NetName=DCI1 Pin=U18-2
Removed Pin From Net: NetName=GND_T Pin=U18-3
Removed Pin From Net: NetName=ISR1_T Pin=U18-4
Removed Pin From Net: NetName=DCI2 Pin=U20-2
Removed Pin From Net: NetName=GND_T Pin=U20-3
Removed Pin From Net: NetName=ISR2_T Pin=U20-4
Removed Pin From Net: NetName=DCI3 Pin=U21-2
Removed Pin From Net: NetName=GND_T Pin=U21-3
Removed Pin From Net: NetName=ISR3_T Pin=U21-4
Removed Pin From Net: NetName=DCI4 Pin=U23-2
Removed Pin From Net: NetName=GND_T Pin=U23-3
Removed Pin From Net: NetName=ISR4_T Pin=U23-4
Removed Pin From Net: NetName=DCI1 Pin=X15-1
Removed Pin From Net: NetName=GND_EXT_T Pin=X15-2
Removed Pin From Net: NetName=DCI2 Pin=X15-3
Removed Pin From Net: NetName=GND_EXT_T Pin=X15-4
Removed Pin From Net: NetName=DCI3 Pin=X15-5
Removed Pin From Net: NetName=GND_EXT_T Pin=X15-6
Removed Pin From Net: NetName=DCI4 Pin=X15-7
Removed Pin From Net: NetName=GND_EXT_T Pin=X15-8
Removed Pin From Net: NetName=GND_T Pin=X22-1
Removed Pin From Net: NetName=IN_D5_T Pin=X22-2
Removed Pin From Net: NetName=IN_D7_T Pin=X22-3
Removed Pin From Net: NetName=1-WIRE3_T Pin=X22-5
Removed Pin From Net: NetName=ISR2_T Pin=X22-6
Removed Pin From Net: NetName=ISR4_T Pin=X22-7
Removed Pin From Net: NetName=ISR3_T Pin=X22-8
Removed Pin From Net: NetName=ISR1_T Pin=X22-9
Removed Pin From Net: NetName=IN_D8_T Pin=X22-11
Removed Pin From Net: NetName=IN_D6_T Pin=X22-12
Removed Pin From Net: NetName=5V_T Pin=X22-13
Removed Pin From Net: NetName=3.3V_T Pin=X22-14
Removed Pin From Net: NetName=DI5 Pin=XS3-1
Removed Pin From Net: NetName=12V_EXT_T Pin=XS3-4
Removed Pin From Net: NetName=DI6 Pin=XS4-1
Removed Pin From Net: NetName=12V_EXT_T Pin=XS4-4
Removed Pin From Net: NetName=DI7 Pin=XS5-1
Removed Pin From Net: NetName=12V_EXT_T Pin=XS5-4
Removed Pin From Net: NetName=DI8 Pin=XS6-1
Removed Pin From Net: NetName=12V_EXT_T Pin=XS6-4
Removed Pin From Net: NetName=GND_T Pin=XS7-3
Removed Pin From Net: NetName=5V_T Pin=XS7-4
Removed Pin From Net: NetName=GND_T Pin=XS8-3
Removed Pin From Net: NetName=5V_T Pin=XS8-4
Removed Member From Class: ClassName=Sheet_Top_Front Member=C22
Removed Member From Class: ClassName=Sheet_Top_Front Member=C23
Removed Member From Class: ClassName=Sheet_Top_Front Member=C24
Removed Member From Class: ClassName=Sheet_Top_Front Member=C25
Removed Member From Class: ClassName=Sheet_Top_Front Member=C26
Removed Member From Class: ClassName=Sheet_Top_Front Member=C27
Removed Member From Class: ClassName=Sheet_Top_Front Member=C29
Removed Member From Class: ClassName=Sheet_Top_Front Member=C31
Removed Member From Class: ClassName=Sheet_Top_Front Member=C33
Removed Member From Class: ClassName=Sheet_Top_Front Member=C37
Removed Member From Class: ClassName=Sheet_Top_Front Member=D5
Removed Member From Class: ClassName=Sheet_Top_Front Member=D6
Removed Member From Class: ClassName=Sheet_Top_Front Member=R24
Removed Member From Class: ClassName=Sheet_Top_Front Member=R25
Removed Member From Class: ClassName=Sheet_Top_Front Member=R26
Removed Member From Class: ClassName=Sheet_Top_Front Member=R27
Removed Member From Class: ClassName=Sheet_Top_Front Member=R28
Removed Member From Class: ClassName=Sheet_Top_Front Member=R29
Removed Member From Class: ClassName=Sheet_Top_Front Member=R30
Removed Member From Class: ClassName=Sheet_Top_Front Member=R31
Removed Member From Class: ClassName=Sheet_Top_Front Member=R33
Removed Member From Class: ClassName=Sheet_Top_Front Member=R34
Removed Member From Class: ClassName=Sheet_Top_Front Member=R35
Removed Member From Class: ClassName=Sheet_Top_Front Member=R36
Removed Member From Class: ClassName=Sheet_Top_Front Member=R37
Removed Member From Class: ClassName=Sheet_Top_Front Member=R38
Removed Member From Class: ClassName=Sheet_Top_Front Member=R39
Removed Member From Class: ClassName=Sheet_Top_Front Member=R40
Removed Member From Class: ClassName=Sheet_Top_Front Member=R45
Removed Member From Class: ClassName=Sheet_Top_Front Member=R49
Removed Member From Class: ClassName=Sheet_Top_Front Member=U12
Removed Member From Class: ClassName=Sheet_Top_Front Member=U13
Removed Member From Class: ClassName=Sheet_Top_Front Member=U14
Removed Member From Class: ClassName=Sheet_Top_Front Member=U15
Removed Member From Class: ClassName=Sheet_Top_Front Member=U18
Removed Member From Class: ClassName=Sheet_Top_Front Member=U20
Removed Member From Class: ClassName=Sheet_Top_Front Member=U21
Removed Member From Class: ClassName=Sheet_Top_Front Member=U23
Removed Member From Class: ClassName=Sheet_Top_Front Member=X15
Removed Member From Class: ClassName=Sheet_Top_Front Member=X22
Removed Member From Class: ClassName=Sheet_Top_Front Member=XS7
Removed Member From Class: ClassName=Sheet_Top_Front Member=XS8
Change Component Designator: OldDesignator=X20 NewDesignator=X1
Change Component Designator: OldDesignator=X24 NewDesignator=X4
Added Component: Designator=C1(C_0805)
Added Component: Designator=C2(C_0805)
Added Component: Designator=C3(C_0805)
Added Component: Designator=C4(C_0805)
Added Component: Designator=C5(C_0805)
Added Component: Designator=C6(C_0805)
Added Component: Designator=C7(C_0805)
Added Component: Designator=C8(C_0805)
Added Component: Designator=C9(C_0805)
Added Component: Designator=C10(C_0805)
Added Component: Designator=D1(SOT-23_d)
Added Component: Designator=D2(SOT-23_d)
Added Component: Designator=DS1(LED_SMD_0805)
Added Component: Designator=DS2(LED_SMD_0805)
Added Component: Designator=DS3(LED_SMD_0805)
Added Component: Designator=DS4(LED_SMD_0805)
Added Component: Designator=R1(R_0805)
Added Component: Designator=R2(R_0805)
Added Component: Designator=R3(R_0805)
Added Component: Designator=R4(R_0805)
Added Component: Designator=R5(R_0805)
Added Component: Designator=R6(R_0805)
Added Component: Designator=R7(R_0805)
Added Component: Designator=R8(R_0805)
Added Component: Designator=R9(R_0805)
Added Component: Designator=R10(R_0805)
Added Component: Designator=R11(R_0805)
Added Component: Designator=R12(R_0805)
Added Component: Designator=R13(R_0805)
Added Component: Designator=R14(R_0805)
Added Component: Designator=R15(R_0805)
Added Component: Designator=R16(R_0805)
Added Component: Designator=R17(R_0805)
Added Component: Designator=R18(R_0805)
Added Component: Designator=R19(R_0805)
Added Component: Designator=R20(R_0805)
Added Component: Designator=R21(R_0805)
Added Component: Designator=R22(R_0805)
Added Component: Designator=U1(DIP-4)
Added Component: Designator=U2(DIP-4)
Added Component: Designator=U3(DIP-4)
Added Component: Designator=U4(DIP-4)
Added Component: Designator=U5(DIP-4)
Added Component: Designator=U6(DIP-4)
Added Component: Designator=U7(DIP-4)
Added Component: Designator=U8(DIP-4)
Added Component: Designator=X2(PLS2-14)
Added Component: Designator=X3(MC_3.5_8)
Added Component: Designator=XS1(RJ-11 - TJ4-4P4C)
Added Component: Designator=XS2(RJ-11 - TJ4-4P4C)
Added Pin To Net: NetName=5V_T Pin=C1-1
Added Pin To Net: NetName=GND_T Pin=C1-2
Added Pin To Net: NetName=5V_T Pin=C2-1
Added Pin To Net: NetName=GND_T Pin=C2-2
Added Pin To Net: NetName=NetC3_1 Pin=C3-1
Added Pin To Net: NetName=GND_EXT_T Pin=C3-2
Added Pin To Net: NetName=GND_EXT_T Pin=C4-2
Added Pin To Net: NetName=GND_EXT_T Pin=C5-2
Added Pin To Net: NetName=GND_EXT_T Pin=C6-2
Added Pin To Net: NetName=DCI1 Pin=C7-2
Added Pin To Net: NetName=DCI2 Pin=C8-2
Added Pin To Net: NetName=DCI3 Pin=C9-2
Added Pin To Net: NetName=DCI4 Pin=C10-2
Added Pin To Net: NetName=GND_T Pin=D1-1
Added Pin To Net: NetName=5V_T Pin=D1-2
Added Pin To Net: NetName=1-WIRE3_T Pin=D1-3
Added Pin To Net: NetName=GND_T Pin=D2-1
Added Pin To Net: NetName=5V_T Pin=D2-2
Added Pin To Net: NetName=GND_EXT_T Pin=DS1-2
Added Pin To Net: NetName=NetDS2_1 Pin=DS2-1
Added Pin To Net: NetName=GND_EXT_T Pin=DS2-2
Added Pin To Net: NetName=NetDS3_1 Pin=DS3-1
Added Pin To Net: NetName=GND_EXT_T Pin=DS3-2
Added Pin To Net: NetName=GND_EXT_T Pin=DS4-2
Added Pin To Net: NetName=1-WIRE3_T Pin=R1-1
Added Pin To Net: NetName=5V_T Pin=R1-2
Added Pin To Net: NetName=5V_T Pin=R2-2
Added Pin To Net: NetName=3.3V_T Pin=R3-1
Added Pin To Net: NetName=IN_D5_T Pin=R3-2
Added Pin To Net: NetName=NetC3_1 Pin=R4-1
Added Pin To Net: NetName=DI5 Pin=R4-2
Added Pin To Net: NetName=DI5 Pin=R5-2
Added Pin To Net: NetName=3.3V_T Pin=R6-1
Added Pin To Net: NetName=IN_D6_T Pin=R6-2
Added Pin To Net: NetName=DI6 Pin=R7-2
Added Pin To Net: NetName=NetDS2_1 Pin=R8-1
Added Pin To Net: NetName=DI6 Pin=R8-2
Added Pin To Net: NetName=3.3V_T Pin=R9-1
Added Pin To Net: NetName=IN_D7_T Pin=R9-2
Added Pin To Net: NetName=DI7 Pin=R10-2
Added Pin To Net: NetName=NetDS3_1 Pin=R11-1
Added Pin To Net: NetName=DI7 Pin=R11-2
Added Pin To Net: NetName=3.3V_T Pin=R12-1
Added Pin To Net: NetName=IN_D8_T Pin=R12-2
Added Pin To Net: NetName=DI8 Pin=R13-2
Added Pin To Net: NetName=DI8 Pin=R14-2
Added Pin To Net: NetName=3.3V_T Pin=R15-1
Added Pin To Net: NetName=ISR1_T Pin=R15-2
Added Pin To Net: NetName=12V_EXT_T Pin=R16-2
Added Pin To Net: NetName=3.3V_T Pin=R17-1
Added Pin To Net: NetName=ISR2_T Pin=R17-2
Added Pin To Net: NetName=12V_EXT_T Pin=R18-2
Added Pin To Net: NetName=3.3V_T Pin=R19-1
Added Pin To Net: NetName=ISR3_T Pin=R19-2
Added Pin To Net: NetName=12V_EXT_T Pin=R20-2
Added Pin To Net: NetName=3.3V_T Pin=R21-1
Added Pin To Net: NetName=ISR4_T Pin=R21-2
Added Pin To Net: NetName=12V_EXT_T Pin=R22-2
Added Pin To Net: NetName=NetC3_1 Pin=U1-1
Added Pin To Net: NetName=GND_EXT_T Pin=U1-2
Added Pin To Net: NetName=GND_T Pin=U1-3
Added Pin To Net: NetName=IN_D5_T Pin=U1-4
Added Pin To Net: NetName=GND_EXT_T Pin=U2-2
Added Pin To Net: NetName=GND_T Pin=U2-3
Added Pin To Net: NetName=IN_D6_T Pin=U2-4
Added Pin To Net: NetName=GND_EXT_T Pin=U3-2
Added Pin To Net: NetName=GND_T Pin=U3-3
Added Pin To Net: NetName=IN_D7_T Pin=U3-4
Added Pin To Net: NetName=GND_EXT_T Pin=U4-2
Added Pin To Net: NetName=GND_T Pin=U4-3
Added Pin To Net: NetName=IN_D8_T Pin=U4-4
Added Pin To Net: NetName=DCI1 Pin=U5-2
Added Pin To Net: NetName=GND_T Pin=U5-3
Added Pin To Net: NetName=ISR1_T Pin=U5-4
Added Pin To Net: NetName=DCI2 Pin=U6-2
Added Pin To Net: NetName=GND_T Pin=U6-3
Added Pin To Net: NetName=ISR2_T Pin=U6-4
Added Pin To Net: NetName=DCI3 Pin=U7-2
Added Pin To Net: NetName=GND_T Pin=U7-3
Added Pin To Net: NetName=ISR3_T Pin=U7-4
Added Pin To Net: NetName=DCI4 Pin=U8-2
Added Pin To Net: NetName=GND_T Pin=U8-3
Added Pin To Net: NetName=ISR4_T Pin=U8-4
Added Pin To Net: NetName=GND_T Pin=X2-1
Added Pin To Net: NetName=IN_D5_T Pin=X2-2
Added Pin To Net: NetName=IN_D7_T Pin=X2-3
Added Pin To Net: NetName=1-WIRE3_T Pin=X2-4
Added Pin To Net: NetName=ISR2_T Pin=X2-6
Added Pin To Net: NetName=ISR4_T Pin=X2-7
Added Pin To Net: NetName=ISR3_T Pin=X2-8
Added Pin To Net: NetName=ISR1_T Pin=X2-9
Added Pin To Net: NetName=IN_D8_T Pin=X2-11
Added Pin To Net: NetName=IN_D6_T Pin=X2-12
Added Pin To Net: NetName=5V_T Pin=X2-13
Added Pin To Net: NetName=3.3V_T Pin=X2-14
Added Pin To Net: NetName=DCI1 Pin=X3-1
Added Pin To Net: NetName=GND_EXT_T Pin=X3-2
Added Pin To Net: NetName=DCI2 Pin=X3-3
Added Pin To Net: NetName=GND_EXT_T Pin=X3-4
Added Pin To Net: NetName=DCI3 Pin=X3-5
Added Pin To Net: NetName=GND_EXT_T Pin=X3-6
Added Pin To Net: NetName=DCI4 Pin=X3-7
Added Pin To Net: NetName=GND_EXT_T Pin=X3-8
Added Pin To Net: NetName=1-WIRE3_T Pin=XS1-2
Added Pin To Net: NetName=GND_T Pin=XS1-3
Added Pin To Net: NetName=5V_T Pin=XS1-4
Added Pin To Net: NetName=GND_T Pin=XS2-3
Added Pin To Net: NetName=5V_T Pin=XS2-4
Added Pin To Net: NetName=12V_EXT_T Pin=XS3-1
Added Pin To Net: NetName=12V_EXT_T Pin=XS4-1
Added Pin To Net: NetName=12V_EXT_T Pin=XS5-1
Added Pin To Net: NetName=12V_EXT_T Pin=XS6-1
Added Pin To Net: NetName=1-WIRE4_T Pin=D2-3
Added Pin To Net: NetName=1-WIRE4_T Pin=R2-1
Added Pin To Net: NetName=1-WIRE4_T Pin=X2-10
Added Pin To Net: NetName=1-WIRE4_T Pin=XS2-2
Added Net: Name=1-WIRE4_T
Added Pin To Net: NetName=1-WIRE5_T Pin=X2-5
Added Net: Name=1-WIRE5_T
Added Pin To Net: NetName=NetC4_1 Pin=C4-1
Added Pin To Net: NetName=NetC4_1 Pin=R7-1
Added Pin To Net: NetName=NetC4_1 Pin=U2-1
Added Net: Name=NetC4_1
Added Pin To Net: NetName=NetC5_1 Pin=C5-1
Added Pin To Net: NetName=NetC5_1 Pin=R10-1
Added Pin To Net: NetName=NetC5_1 Pin=U3-1
Added Net: Name=NetC5_1
Added Pin To Net: NetName=NetC6_1 Pin=C6-1
Added Pin To Net: NetName=NetC6_1 Pin=R13-1
Added Pin To Net: NetName=NetC6_1 Pin=U4-1
Added Net: Name=NetC6_1
Added Pin To Net: NetName=NetC7_1 Pin=C7-1
Added Pin To Net: NetName=NetC7_1 Pin=R16-1
Added Pin To Net: NetName=NetC7_1 Pin=U5-1
Added Net: Name=NetC7_1
Added Pin To Net: NetName=NetC8_1 Pin=C8-1
Added Pin To Net: NetName=NetC8_1 Pin=R18-1
Added Pin To Net: NetName=NetC8_1 Pin=U6-1
Added Net: Name=NetC8_1
Added Pin To Net: NetName=NetC9_1 Pin=C9-1
Added Pin To Net: NetName=NetC9_1 Pin=R20-1
Added Pin To Net: NetName=NetC9_1 Pin=U7-1
Added Net: Name=NetC9_1
Added Pin To Net: NetName=NetC10_1 Pin=C10-1
Added Pin To Net: NetName=NetC10_1 Pin=R22-1
Added Pin To Net: NetName=NetC10_1 Pin=U8-1
Added Net: Name=NetC10_1
Added Pin To Net: NetName=NetDS1_1 Pin=DS1-1
Added Pin To Net: NetName=NetDS1_1 Pin=R5-1
Added Net: Name=NetDS1_1
Added Pin To Net: NetName=NetDS4_1 Pin=DS4-1
Added Pin To Net: NetName=NetDS4_1 Pin=R14-1
Added Net: Name=NetDS4_1
Added Member To Class: ClassName=Sheet_Top_Front Member=Component C1 Cap_Semi
Added Member To Class: ClassName=Sheet_Top_Front Member=Component C2 Cap_Semi
Added Member To Class: ClassName=Sheet_Top_Front Member=Component C3 Cap_Semi
Added Member To Class: ClassName=Sheet_Top_Front Member=Component C4 Cap_Semi
Added Member To Class: ClassName=Sheet_Top_Front Member=Component C5 Cap_Semi
Added Member To Class: ClassName=Sheet_Top_Front Member=Component C6 Cap_Semi
Added Member To Class: ClassName=Sheet_Top_Front Member=Component C7 Cap_Semi
Added Member To Class: ClassName=Sheet_Top_Front Member=Component C8 Cap_Semi
Added Member To Class: ClassName=Sheet_Top_Front Member=Component C9 Cap_Semi
Added Member To Class: ClassName=Sheet_Top_Front Member=Component C10 Cap_Semi
Added Member To Class: ClassName=Sheet_Top_Front Member=Component D1 BAT54S
Added Member To Class: ClassName=Sheet_Top_Front Member=Component D2 BAT54S
Added Member To Class: ClassName=Sheet_Top_Front Member=Component DS1 Green
Added Member To Class: ClassName=Sheet_Top_Front Member=Component DS2 Green
Added Member To Class: ClassName=Sheet_Top_Front Member=Component DS3 Green
Added Member To Class: ClassName=Sheet_Top_Front Member=Component DS4 Green
Added Member To Class: ClassName=Sheet_Top_Front Member=Component R1 Resistor
Added Member To Class: ClassName=Sheet_Top_Front Member=Component R2 Resistor
Added Member To Class: ClassName=Sheet_Top_Front Member=Component R3 Resistor
Added Member To Class: ClassName=Sheet_Top_Front Member=Component R4 Resistor
Added Member To Class: ClassName=Sheet_Top_Front Member=Component R5 Resistor
Added Member To Class: ClassName=Sheet_Top_Front Member=Component R6 Resistor
Added Member To Class: ClassName=Sheet_Top_Front Member=Component R7 Resistor
Added Member To Class: ClassName=Sheet_Top_Front Member=Component R8 Resistor
Added Member To Class: ClassName=Sheet_Top_Front Member=Component R9 Resistor
Added Member To Class: ClassName=Sheet_Top_Front Member=Component R10 Resistor
Added Member To Class: ClassName=Sheet_Top_Front Member=Component R11 Resistor
Added Member To Class: ClassName=Sheet_Top_Front Member=Component R12 Resistor
Added Member To Class: ClassName=Sheet_Top_Front Member=Component R13 Resistor
Added Member To Class: ClassName=Sheet_Top_Front Member=Component R14 Resistor
Added Member To Class: ClassName=Sheet_Top_Front Member=Component R15 Resistor
Added Member To Class: ClassName=Sheet_Top_Front Member=Component R16 Resistor
Added Member To Class: ClassName=Sheet_Top_Front Member=Component R17 Resistor
Added Member To Class: ClassName=Sheet_Top_Front Member=Component R18 Resistor
Added Member To Class: ClassName=Sheet_Top_Front Member=Component R19 Resistor
Added Member To Class: ClassName=Sheet_Top_Front Member=Component R20 Resistor
Added Member To Class: ClassName=Sheet_Top_Front Member=Component R21 Resistor
Added Member To Class: ClassName=Sheet_Top_Front Member=Component R22 Resistor
Added Member To Class: ClassName=Sheet_Top_Front Member=Component U1 PC817C
Added Member To Class: ClassName=Sheet_Top_Front Member=Component U2 PC817C
Added Member To Class: ClassName=Sheet_Top_Front Member=Component U3 PC817C
Added Member To Class: ClassName=Sheet_Top_Front Member=Component U4 PC817C
Added Member To Class: ClassName=Sheet_Top_Front Member=Component U5 PC817C
Added Member To Class: ClassName=Sheet_Top_Front Member=Component U6 PC817C
Added Member To Class: ClassName=Sheet_Top_Front Member=Component U7 PC817C
Added Member To Class: ClassName=Sheet_Top_Front Member=Component U8 PC817C
Added Member To Class: ClassName=Sheet_Top_Front Member=Component X2 PLS2-14
Added Member To Class: ClassName=Sheet_Top_Front Member=Component X3 15EDGRC-3.5-08P
Added Member To Class: ClassName=Sheet_Top_Front Member=Component XS1 RJ-11
Added Member To Class: ClassName=Sheet_Top_Front Member=Component XS2 RJ-11
Added Room: Name=Sheet_Top_Front
