Removed Pin From Net: NetName=5V_CPU Pin=R52-1
Change Component DesignItemId : Designator=R53 Old DesignItemId=Resistor 1206 New DesignItemId=Resistor 0805
Change Component DesignItemId : Designator=R55 Old DesignItemId=Resistor 1206 New DesignItemId=Resistor 0805
Change Component DesignItemId : Designator=R56 Old DesignItemId=Resistor 1206 New DesignItemId=Resistor 0805
Change Component DesignItemId : Designator=R52 Old DesignItemId=Resistor 1206 New DesignItemId=Resistor
Change Component DesignItemId : Designator=R54 Old DesignItemId=Resistor 1206 New DesignItemId=Resistor
Change Component Footprint: Designator=R52 Old Footprint=R_1206 New Footprint=R_0805
Change Component Footprint: Designator=R53 Old Footprint=R_1206 New Footprint=R_0805
Change Component Footprint: Designator=R54 Old Footprint=R_1206 New Footprint=R_0805
Change Component Footprint: Designator=R55 Old Footprint=R_1206 New Footprint=R_0805
Change Component Footprint: Designator=R56 Old Footprint=R_1206 New Footprint=R_0805
Change Component Comment : Designator=R53 Old Comment=Resistor 1206 New Comment=Resistor 0805
Change Component Comment : Designator=R55 Old Comment=Resistor 1206 New Comment=Resistor 0805
Change Component Comment : Designator=R56 Old Comment=Resistor 1206 New Comment=Resistor 0805
Change Component Comment : Designator=R52 Old Comment=Resistor 1206 New Comment=Resistor
Change Component Comment : Designator=R54 Old Comment=Resistor 1206 New Comment=Resistor
Added Pin To Net: NetName=5V_CPU Pin=R52-2
Added Pin To Net: NetName=NetR52_1 Pin=R52-1
Added Pin To Net: NetName=NetR52_1 Pin=U28-2
Added Net: Name=NetR52_1
