Added Component: Designator=C?(C_0805)
Added Component: Designator=C?(C_0805)
Added Component: Designator=C?(C_0805)
Added Component: Designator=C?(C_0805)
Added Component: Designator=C?(C_0805)
Added Component: Designator=C?(C_1206)
Added Component: Designator=C?(C_1206)
Added Component: Designator=C?(C_0805)
Added Component: Designator=C?(C_0805)
Added Component: Designator=C?(5x11)
Added Component: Designator=C?(5x11)
Added Component: Designator=C?(C_0805)
Added Component: Designator=C?(C_0805)
Added Component: Designator=C?(C_0805)
Added Component: Designator=C?(10x16)
Added Component: Designator=C?(8x11)
Added Component: Designator=C?(5x11)
Added Component: Designator=C?(C_0805)
Added Component: Designator=C?(C_0805)
Added Component: Designator=C?(C_0805)
Added Component: Designator=C?(C_0805)
Added Component: Designator=C?(C_0805)
Added Component: Designator=C?(C_0805)
Added Component: Designator=C?(C_0805)
Added Component: Designator=C?(C_0805)
Added Component: Designator=C?(C_0805)
Added Component: Designator=C?(C_0805)
Added Component: Designator=C?(C_0805)
Added Component: Designator=C?(C_0805)
Added Component: Designator=C?(C_0805)
Added Component: Designator=C?(C_0805)
Added Component: Designator=C?(C_0805)
Added Component: Designator=C?(C_0805)
Added Component: Designator=C?(C_0805)
Added Component: Designator=C?(C_0805)
Added Component: Designator=C?(5x11)
Added Component: Designator=C?(C_0805)
Added Component: Designator=C?(C_0805)
Added Component: Designator=C?(C_0805)
Added Component: Designator=C?(5x11)
Added Component: Designator=C?(C_0805)
Added Component: Designator=D?(SMB)
Added Component: Designator=D?(SMB)
Added Component: Designator=D?(SMB)
Added Component: Designator=D?(SMB)
Added Component: Designator=D?(TO-220A_VR)
Added Component: Designator=D?(DO-201_Vertical)
Added Component: Designator=D?(SOT-23_N)
Added Component: Designator=D?(SOT-23_d)
Added Component: Designator=D?(SOT-23_d)
Added Component: Designator=DS?(LED_SMD_0805)
Added Component: Designator=F?(Fuse RFTQ)
Added Component: Designator=F?(Fuse RFTQ)
Added Component: Designator=F?(Fuse RFTQ)
Added Component: Designator=F?(Fuse RFTQ)
Added Component: Designator=F?(Fuse RFTQ)
Added Component: Designator=K1(R_BRS)
Added Component: Designator=K2(R_BRS)
Added Component: Designator=K3(R_BRS)
Added Component: Designator=K4(R_BRS)
Added Component: Designator=K5(R_BRS)
Added Component: Designator=K6(R_BRS)
Added Component: Designator=K7(R_BRS)
Added Component: Designator=K8(R_BRS)
Added Component: Designator=K9(R_BRS)
Added Component: Designator=K10(R_BRS)
Added Component: Designator=K11(R_BRS)
Added Component: Designator=K12(R_BRS)
Added Component: Designator=K13(R_BRS)
Added Component: Designator=K14(R_BRS)
Added Component: Designator=K15(BS-115C-12A)
Added Component: Designator=K16(BS-115C-12A)
Added Component: Designator=K17(BS-115C-12A)
Added Component: Designator=K18(BS-115C-12A)
Added Component: Designator=L?(RCH-110)
Added Component: Designator=R?(R_1206)
Added Component: Designator=R?(R_1206)
Added Component: Designator=R?(R_1206)
Added Component: Designator=R?(R_1206)
Added Component: Designator=R?(R_1206)
Added Component: Designator=R?(R_1206)
Added Component: Designator=R?(R_1206)
Added Component: Designator=R?(R_0805)
Added Component: Designator=R?(R_0805)
Added Component: Designator=R?(R_1206)
Added Component: Designator=R?(R_1206)
Added Component: Designator=R?(R_1206)
Added Component: Designator=R?(R_1206)
Added Component: Designator=R?(R_1206)
Added Component: Designator=R?(R_1206)
Added Component: Designator=R?(R_1206)
Added Component: Designator=R?(R_1206)
Added Component: Designator=R?(R_1206)
Added Component: Designator=R?(R_1206)
Added Component: Designator=R?(R_1206)
Added Component: Designator=R?(R_1206)
Added Component: Designator=R?(R_1206)
Added Component: Designator=R?(R_1206)
Added Component: Designator=R?(R_1206)
Added Component: Designator=R?(R_1206)
Added Component: Designator=R?(R_1206)
Added Component: Designator=R?(R_1206)
Added Component: Designator=R?(R_1206)
Added Component: Designator=R?(R_1206)
Added Component: Designator=R?(R_1206)
Added Component: Designator=R?(R_1206)
Added Component: Designator=R?(R_1206)
Added Component: Designator=R?(R_1206)
Added Component: Designator=R?(R_1206)
Added Component: Designator=R?(R_1206)
Added Component: Designator=R?(R_1206)
Added Component: Designator=R?(R_1206)
Added Component: Designator=R?(R_1206)
Added Component: Designator=R?(R_1206)
Added Component: Designator=R?(R_1206)
Added Component: Designator=R?(R_1206)
Added Component: Designator=R?(R_1206)
Added Component: Designator=R?(R_1206)
Added Component: Designator=R?(R_1206)
Added Component: Designator=R?(R_1206)
Added Component: Designator=R?(R_1206)
Added Component: Designator=R?(R_1206)
Added Component: Designator=R?(R_1206)
Added Component: Designator=R?(R_1206)
Added Component: Designator=S?(Swich_DIP2)
Added Component: Designator=U?(SO-8_N)
Added Component: Designator=U?(SO-8_L)
Added Component: Designator=U?(DIP-8)
Added Component: Designator=U?(SO-8_N)
Added Component: Designator=U?(SO-8_N)
Added Component: Designator=U?(SOT-223_N)
Added Component: Designator=U?(TO-220A_VR)
Added Component: Designator=U?(SIP4)
Added Component: Designator=U?(SIP4)
Added Component: Designator=U?(D2PAK_5p)
Added Component: Designator=U?(LQFP64_L)
Added Component: Designator=U?(SO-16_N)
Added Component: Designator=U?(DIP-4)
Added Component: Designator=U?(DIP-4)
Added Component: Designator=U?(DIP-4)
Added Component: Designator=U?(DIP-4)
Added Component: Designator=U?(DIP-4)
Added Component: Designator=U?(DIP-4)
Added Component: Designator=U?(DIP-4)
Added Component: Designator=U?(DIP-4)
Added Component: Designator=U?(SO-16_N)
Added Component: Designator=U?(SO-16_N)
Added Component: Designator=U?(LQFP64_L)
Added Component: Designator=VT?(SOT-23_N)
Added Component: Designator=VT?(SOT-23_N)
Added Component: Designator=VT?(SOT-223_N)
Added Component: Designator=X?(5mm 2)
Added Component: Designator=X?(5mm 2)
Added Component: Designator=X?(PLS-14RL-3D)
Added Component: Designator=X?(2EDGR-5.0-03P)
Added Component: Designator=X?(2EDGR-5.0-03P)
Added Component: Designator=X?(2EDGR-5.0-03P)
Added Component: Designator=X?(2EDGR-5.0-03P)
Added Component: Designator=X?(MC_3.5_3)
Added Component: Designator=X?(MC_3.5_3)
Added Component: Designator=X?(PLS-4-3D)
Added Component: Designator=X?(PLS-14RL-3D)
Added Component: Designator=XS?(RJ-12 - TJ4A-6P6C)
Added Component: Designator=XS?(RJ-12 - TJ4A-6P6C)
Added Component: Designator=XS?(RJ-9 - YH-52-01)
Added Component: Designator=XS?(RJ-9 - YH-52-01)
Added Component: Designator=XS?(RJ-9 - YH-52-01)
Added Component: Designator=XS?(RJ-9 - YH-52-01)
Added Component: Designator=XS?(RJ-9 - YH-52-01)
Added Component: Designator=ZQ?(HC49S_3D)
Added Pin To Net: NetName=+12V Pin=X?-3
Added Pin To Net: NetName=+12V Pin=X?-3
Added Pin To Net: NetName=+12V Pin=XS?-3
Added Pin To Net: NetName=+12V Pin=XS?-3
Added Pin To Net: NetName=+12V Pin=XS?-3
Added Pin To Net: NetName=+12V Pin=XS?-3
Added Pin To Net: NetName=+12V Pin=XS?-3
Added Net: Name=+12V
Added Pin To Net: NetName=1-WIRE1 Pin=D?-3
Added Pin To Net: NetName=1-WIRE1 Pin=R?-1
Added Pin To Net: NetName=1-WIRE1 Pin=U?-18
Added Pin To Net: NetName=1-WIRE1 Pin=X?-3
Added Net: Name=1-WIRE1
Added Pin To Net: NetName=1-WIRE2 Pin=D?-3
Added Pin To Net: NetName=1-WIRE2 Pin=R?-1
Added Pin To Net: NetName=1-WIRE2 Pin=U?-19
Added Pin To Net: NetName=1-WIRE2 Pin=X?-3
Added Net: Name=1-WIRE2
Added Pin To Net: NetName=3.3V Pin=C?-1
Added Pin To Net: NetName=3.3V Pin=C?-1
Added Pin To Net: NetName=3.3V Pin=C?-1
Added Pin To Net: NetName=3.3V Pin=C?-1
Added Pin To Net: NetName=3.3V Pin=C?-1
Added Pin To Net: NetName=3.3V Pin=C?-1
Added Pin To Net: NetName=3.3V Pin=C?-1
Added Pin To Net: NetName=3.3V Pin=R?-1
Added Pin To Net: NetName=3.3V Pin=U?-1
Added Pin To Net: NetName=3.3V Pin=U?-2
Added Pin To Net: NetName=3.3V Pin=U?-13
Added Pin To Net: NetName=3.3V Pin=U?-32
Added Pin To Net: NetName=3.3V Pin=U?-64
Added Net: Name=3.3V
Added Pin To Net: NetName=5V_BUS Pin=C?-1
Added Pin To Net: NetName=5V_BUS Pin=C?-1
Added Pin To Net: NetName=5V_BUS Pin=C?-2
Added Pin To Net: NetName=5V_BUS Pin=C?-2
Added Pin To Net: NetName=5V_BUS Pin=R?-2
Added Pin To Net: NetName=5V_BUS Pin=R?-2
Added Pin To Net: NetName=5V_BUS Pin=U?-1
Added Pin To Net: NetName=5V_BUS Pin=U?-1
Added Pin To Net: NetName=5V_BUS Pin=U?-1
Added Pin To Net: NetName=5V_BUS Pin=U?-4
Added Pin To Net: NetName=5V_BUS Pin=U?-7
Added Pin To Net: NetName=5V_BUS Pin=U?-8
Added Pin To Net: NetName=5V_BUS Pin=U?-8
Added Net: Name=5V_BUS
Added Pin To Net: NetName=5V_CPU Pin=C?-1
Added Pin To Net: NetName=5V_CPU Pin=C?-1
Added Pin To Net: NetName=5V_CPU Pin=L?-1
Added Pin To Net: NetName=5V_CPU Pin=L?-1
Added Pin To Net: NetName=5V_CPU Pin=R?-2
Added Net: Name=5V_CPU
Added Pin To Net: NetName=5V_EXT Pin=C?-1
Added Pin To Net: NetName=5V_EXT Pin=R?-2
Added Pin To Net: NetName=5V_EXT Pin=R?-2
Added Pin To Net: NetName=5V_EXT Pin=R?-2
Added Pin To Net: NetName=5V_EXT Pin=R?-2
Added Pin To Net: NetName=5V_EXT Pin=R?-2
Added Pin To Net: NetName=5V_EXT Pin=R?-2
Added Pin To Net: NetName=5V_EXT Pin=R?-2
Added Pin To Net: NetName=5V_EXT Pin=R?-2
Added Pin To Net: NetName=5V_EXT Pin=U?-4
Added Net: Name=5V_EXT
Added Pin To Net: NetName=5V Pin=C?-1
Added Pin To Net: NetName=5V Pin=C?-1
Added Pin To Net: NetName=5V Pin=C?-1
Added Pin To Net: NetName=5V Pin=C?-2
Added Pin To Net: NetName=5V Pin=D?-2
Added Pin To Net: NetName=5V Pin=D?-2
Added Pin To Net: NetName=5V Pin=R?-1
Added Pin To Net: NetName=5V Pin=R?-1
Added Pin To Net: NetName=5V Pin=R?-1
Added Pin To Net: NetName=5V Pin=R?-1
Added Pin To Net: NetName=5V Pin=R?-1
Added Pin To Net: NetName=5V Pin=R?-1
Added Pin To Net: NetName=5V Pin=R?-1
Added Pin To Net: NetName=5V Pin=R?-1
Added Pin To Net: NetName=5V Pin=R?-1
Added Pin To Net: NetName=5V Pin=R?-2
Added Pin To Net: NetName=5V Pin=R?-2
Added Pin To Net: NetName=5V Pin=R?-2
Added Pin To Net: NetName=5V Pin=U?-3
Added Pin To Net: NetName=5V Pin=U?-3
Added Pin To Net: NetName=5V Pin=U?-8
Added Pin To Net: NetName=5V Pin=U?-8
Added Pin To Net: NetName=5V Pin=X?-1
Added Pin To Net: NetName=5V Pin=X?-1
Added Net: Name=5V
Added Pin To Net: NetName=12V_CP Pin=VT?-2
Added Net: Name=12V_CP
Added Pin To Net: NetName=12V_IN1 Pin=C?-2
Added Pin To Net: NetName=12V_IN1 Pin=D?-1
Added Pin To Net: NetName=12V_IN1 Pin=D?-2
Added Pin To Net: NetName=12V_IN1 Pin=X?-1
Added Net: Name=12V_IN1
Added Pin To Net: NetName=12V_IN2 Pin=C?-2
Added Pin To Net: NetName=12V_IN2 Pin=D?-2
Added Pin To Net: NetName=12V_IN2 Pin=D?-3
Added Pin To Net: NetName=12V_IN2 Pin=X?-1
Added Net: Name=12V_IN2
Added Pin To Net: NetName=12V Pin=C?-1
Added Pin To Net: NetName=12V Pin=D?-2
Added Pin To Net: NetName=12V Pin=F?-1
Added Pin To Net: NetName=12V Pin=F?-2
Added Pin To Net: NetName=12V Pin=F?-2
Added Pin To Net: NetName=12V Pin=F?-2
Added Pin To Net: NetName=12V Pin=F?-2
Added Pin To Net: NetName=12V Pin=F?-2
Added Pin To Net: NetName=12V Pin=K1-3
Added Pin To Net: NetName=12V Pin=K2-3
Added Pin To Net: NetName=12V Pin=K3-3
Added Pin To Net: NetName=12V Pin=K4-3
Added Pin To Net: NetName=12V Pin=K5-3
Added Pin To Net: NetName=12V Pin=K6-3
Added Pin To Net: NetName=12V Pin=K7-3
Added Pin To Net: NetName=12V Pin=K8-3
Added Pin To Net: NetName=12V Pin=K9-3
Added Pin To Net: NetName=12V Pin=K10-3
Added Pin To Net: NetName=12V Pin=K11-3
Added Pin To Net: NetName=12V Pin=K12-3
Added Pin To Net: NetName=12V Pin=K13-3
Added Pin To Net: NetName=12V Pin=K14-3
Added Pin To Net: NetName=12V Pin=K15-1
Added Pin To Net: NetName=12V Pin=K16-1
Added Pin To Net: NetName=12V Pin=K17-1
Added Pin To Net: NetName=12V Pin=K18-1
Added Pin To Net: NetName=12V Pin=U?-1
Added Pin To Net: NetName=12V Pin=U?-9
Added Pin To Net: NetName=12V Pin=U?-9
Added Pin To Net: NetName=12V Pin=U?-9
Added Net: Name=12V
Added Pin To Net: NetName=A/D_1 Pin=X?-5
Added Pin To Net: NetName=A/D_1 Pin=XS?-1
Added Pin To Net: NetName=A/D_1 Pin=XS?-2
Added Net: Name=A/D_1
Added Pin To Net: NetName=A/D_2 Pin=X?-6
Added Pin To Net: NetName=A/D_2 Pin=XS?-1
Added Pin To Net: NetName=A/D_2 Pin=XS?-2
Added Net: Name=A/D_2
Added Pin To Net: NetName=A/D_3 Pin=X?-7
Added Pin To Net: NetName=A/D_3 Pin=XS?-1
Added Pin To Net: NetName=A/D_3 Pin=XS?-2
Added Net: Name=A/D_3
Added Pin To Net: NetName=A/D_4 Pin=X?-8
Added Pin To Net: NetName=A/D_4 Pin=XS?-1
Added Pin To Net: NetName=A/D_4 Pin=XS?-2
Added Net: Name=A/D_4
Added Pin To Net: NetName=A/D_5 Pin=X?-9
Added Pin To Net: NetName=A/D_5 Pin=XS?-1
Added Pin To Net: NetName=A/D_5 Pin=XS?-2
Added Net: Name=A/D_5
Added Pin To Net: NetName=A Pin=D?-2
Added Pin To Net: NetName=A Pin=R?-1
Added Pin To Net: NetName=A Pin=R?-1
Added Pin To Net: NetName=A Pin=R?-1
Added Pin To Net: NetName=A Pin=U?-6
Added Pin To Net: NetName=A Pin=XS?-1
Added Pin To Net: NetName=A Pin=XS?-6
Added Net: Name=A
Added Pin To Net: NetName=B_OPR1 Pin=U?-1
Added Pin To Net: NetName=B_OPR1 Pin=U?-8
Added Net: Name=B_OPR1
Added Pin To Net: NetName=B_OPR2 Pin=U?-2
Added Pin To Net: NetName=B_OPR2 Pin=U?-9
Added Net: Name=B_OPR2
Added Pin To Net: NetName=B_OPR3 Pin=U?-3
Added Pin To Net: NetName=B_OPR3 Pin=U?-10
Added Net: Name=B_OPR3
Added Pin To Net: NetName=B_OPR4 Pin=U?-4
Added Pin To Net: NetName=B_OPR4 Pin=U?-11
Added Net: Name=B_OPR4
Added Pin To Net: NetName=B_OSR1 Pin=U?-1
Added Pin To Net: NetName=B_OSR1 Pin=U?-62
Added Net: Name=B_OSR1
Added Pin To Net: NetName=B_OSR2 Pin=U?-2
Added Pin To Net: NetName=B_OSR2 Pin=U?-61
Added Net: Name=B_OSR2
Added Pin To Net: NetName=B_OSR3 Pin=U?-3
Added Pin To Net: NetName=B_OSR3 Pin=U?-59
Added Net: Name=B_OSR3
Added Pin To Net: NetName=B_OSR4 Pin=U?-4
Added Pin To Net: NetName=B_OSR4 Pin=U?-58
Added Net: Name=B_OSR4
Added Pin To Net: NetName=B_OSR5 Pin=U?-5
Added Pin To Net: NetName=B_OSR5 Pin=U?-57
Added Net: Name=B_OSR5
Added Pin To Net: NetName=B_OSR6 Pin=U?-6
Added Pin To Net: NetName=B_OSR6 Pin=U?-56
Added Net: Name=B_OSR6
Added Pin To Net: NetName=B_OSR7 Pin=U?-7
Added Pin To Net: NetName=B_OSR7 Pin=U?-55
Added Net: Name=B_OSR7
Added Pin To Net: NetName=B_OSR8 Pin=U?-1
Added Pin To Net: NetName=B_OSR8 Pin=U?-54
Added Net: Name=B_OSR8
Added Pin To Net: NetName=B_OSR9 Pin=U?-2
Added Pin To Net: NetName=B_OSR9 Pin=U?-53
Added Net: Name=B_OSR9
Added Pin To Net: NetName=B_OSR10 Pin=U?-3
Added Pin To Net: NetName=B_OSR10 Pin=U?-52
Added Net: Name=B_OSR10
Added Pin To Net: NetName=B_OSR11 Pin=U?-4
Added Pin To Net: NetName=B_OSR11 Pin=U?-51
Added Net: Name=B_OSR11
Added Pin To Net: NetName=B_OSR12 Pin=U?-5
Added Pin To Net: NetName=B_OSR12 Pin=U?-50
Added Net: Name=B_OSR12
Added Pin To Net: NetName=B_OSR13 Pin=U?-6
Added Pin To Net: NetName=B_OSR13 Pin=U?-48
Added Net: Name=B_OSR13
Added Pin To Net: NetName=B_OSR14 Pin=U?-7
Added Pin To Net: NetName=B_OSR14 Pin=U?-47
Added Net: Name=B_OSR14
Added Pin To Net: NetName=B Pin=D?-1
Added Pin To Net: NetName=B Pin=R?-1
Added Pin To Net: NetName=B Pin=S?-3
Added Pin To Net: NetName=B Pin=S?-4
Added Pin To Net: NetName=B Pin=U?-7
Added Pin To Net: NetName=B Pin=XS?-2
Added Pin To Net: NetName=B Pin=XS?-5
Added Net: Name=B
Added Pin To Net: NetName=C_ALARM Pin=C?-1
Added Pin To Net: NetName=C_ALARM Pin=R?-1
Added Pin To Net: NetName=C_ALARM Pin=R?-2
Added Pin To Net: NetName=C_ALARM Pin=U?-15
Added Net: Name=C_ALARM
Added Pin To Net: NetName=C_EN Pin=R?-1
Added Pin To Net: NetName=C_EN Pin=U?-14
Added Net: Name=C_EN
Added Pin To Net: NetName=C_OPR1 Pin=K15-2
Added Pin To Net: NetName=C_OPR1 Pin=U?-16
Added Net: Name=C_OPR1
Added Pin To Net: NetName=C_OPR2 Pin=K16-2
Added Pin To Net: NetName=C_OPR2 Pin=U?-15
Added Net: Name=C_OPR2
Added Pin To Net: NetName=C_OPR3 Pin=K17-2
Added Pin To Net: NetName=C_OPR3 Pin=U?-14
Added Net: Name=C_OPR3
Added Pin To Net: NetName=C_OPR4 Pin=K18-2
Added Pin To Net: NetName=C_OPR4 Pin=U?-13
Added Net: Name=C_OPR4
Added Pin To Net: NetName=C_OSR1 Pin=K1-5
Added Pin To Net: NetName=C_OSR1 Pin=U?-16
Added Net: Name=C_OSR1
Added Pin To Net: NetName=C_OSR2 Pin=K2-5
Added Pin To Net: NetName=C_OSR2 Pin=U?-15
Added Net: Name=C_OSR2
Added Pin To Net: NetName=C_OSR3 Pin=K3-5
Added Pin To Net: NetName=C_OSR3 Pin=U?-14
Added Net: Name=C_OSR3
Added Pin To Net: NetName=C_OSR4 Pin=K4-5
Added Pin To Net: NetName=C_OSR4 Pin=U?-13
Added Net: Name=C_OSR4
Added Pin To Net: NetName=C_OSR5 Pin=K5-5
Added Pin To Net: NetName=C_OSR5 Pin=U?-12
Added Net: Name=C_OSR5
Added Pin To Net: NetName=C_OSR6 Pin=K6-5
Added Pin To Net: NetName=C_OSR6 Pin=U?-11
Added Net: Name=C_OSR6
Added Pin To Net: NetName=C_OSR7 Pin=K7-5
Added Pin To Net: NetName=C_OSR7 Pin=U?-10
Added Net: Name=C_OSR7
Added Pin To Net: NetName=C_OSR8 Pin=K8-5
Added Pin To Net: NetName=C_OSR8 Pin=U?-16
Added Net: Name=C_OSR8
Added Pin To Net: NetName=C_OSR9 Pin=K9-5
Added Pin To Net: NetName=C_OSR9 Pin=U?-15
Added Net: Name=C_OSR9
Added Pin To Net: NetName=C_OSR10 Pin=K10-5
Added Pin To Net: NetName=C_OSR10 Pin=U?-14
Added Net: Name=C_OSR10
Added Pin To Net: NetName=C_OSR11 Pin=K11-5
Added Pin To Net: NetName=C_OSR11 Pin=U?-13
Added Net: Name=C_OSR11
Added Pin To Net: NetName=C_OSR12 Pin=K12-5
Added Pin To Net: NetName=C_OSR12 Pin=U?-12
Added Net: Name=C_OSR12
Added Pin To Net: NetName=C_OSR13 Pin=K13-5
Added Pin To Net: NetName=C_OSR13 Pin=U?-11
Added Net: Name=C_OSR13
Added Pin To Net: NetName=C_OSR14 Pin=K14-5
Added Pin To Net: NetName=C_OSR14 Pin=U?-10
Added Net: Name=C_OSR14
Added Pin To Net: NetName=FA Pin=U?-8
Added Pin To Net: NetName=FA Pin=XS?-1
Added Net: Name=FA
Added Pin To Net: NetName=FB\ Pin=U?-7
Added Pin To Net: NetName=FB\ Pin=XS?-2
Added Net: Name=FB\
Added Pin To Net: NetName=FY Pin=U?-5
Added Pin To Net: NetName=FY Pin=XS?-5
Added Net: Name=FY
Added Pin To Net: NetName=FZ\ Pin=U?-6
Added Pin To Net: NetName=FZ\ Pin=XS?-6
Added Net: Name=FZ\
Added Pin To Net: NetName=GND_BUS Pin=C?-1
Added Pin To Net: NetName=GND_BUS Pin=C?-1
Added Pin To Net: NetName=GND_BUS Pin=C?-2
Added Pin To Net: NetName=GND_BUS Pin=C?-2
Added Pin To Net: NetName=GND_BUS Pin=D?-1
Added Pin To Net: NetName=GND_BUS Pin=D?-2
Added Pin To Net: NetName=GND_BUS Pin=R?-2
Added Pin To Net: NetName=GND_BUS Pin=U?-3
Added Pin To Net: NetName=GND_BUS Pin=U?-4
Added Pin To Net: NetName=GND_BUS Pin=U?-4
Added Pin To Net: NetName=GND_BUS Pin=U?-4
Added Pin To Net: NetName=GND_BUS Pin=U?-5
Added Pin To Net: NetName=GND_BUS Pin=U?-5
Added Pin To Net: NetName=GND_BUS Pin=XS?-3
Added Pin To Net: NetName=GND_BUS Pin=XS?-3
Added Pin To Net: NetName=GND_BUS Pin=XS?-4
Added Pin To Net: NetName=GND_BUS Pin=XS?-4
Added Net: Name=GND_BUS
Added Pin To Net: NetName=GND_EXT Pin=C?-2
Added Pin To Net: NetName=GND_EXT Pin=U?-3
Added Net: Name=GND_EXT
Added Pin To Net: NetName=GND Pin=C?-1
Added Pin To Net: NetName=GND Pin=C?-1
Added Pin To Net: NetName=GND Pin=C?-1
Added Pin To Net: NetName=GND Pin=C?-1
Added Pin To Net: NetName=GND Pin=C?-1
Added Pin To Net: NetName=GND Pin=C?-1
Added Pin To Net: NetName=GND Pin=C?-1
Added Pin To Net: NetName=GND Pin=C?-1
Added Pin To Net: NetName=GND Pin=C?-1
Added Pin To Net: NetName=GND Pin=C?-1
Added Pin To Net: NetName=GND Pin=C?-1
Added Pin To Net: NetName=GND Pin=C?-2
Added Pin To Net: NetName=GND Pin=C?-2
Added Pin To Net: NetName=GND Pin=C?-2
Added Pin To Net: NetName=GND Pin=C?-2
Added Pin To Net: NetName=GND Pin=C?-2
Added Pin To Net: NetName=GND Pin=C?-2
Added Pin To Net: NetName=GND Pin=C?-2
Added Pin To Net: NetName=GND Pin=C?-2
Added Pin To Net: NetName=GND Pin=C?-2
Added Pin To Net: NetName=GND Pin=C?-2
Added Pin To Net: NetName=GND Pin=C?-2
Added Pin To Net: NetName=GND Pin=C?-2
Added Pin To Net: NetName=GND Pin=C?-2
Added Pin To Net: NetName=GND Pin=C?-2
Added Pin To Net: NetName=GND Pin=C?-2
Added Pin To Net: NetName=GND Pin=C?-2
Added Pin To Net: NetName=GND Pin=D?-1
Added Pin To Net: NetName=GND Pin=D?-1
Added Pin To Net: NetName=GND Pin=D?-1
Added Pin To Net: NetName=GND Pin=D?-1
Added Pin To Net: NetName=GND Pin=D?-1
Added Pin To Net: NetName=GND Pin=R?-1
Added Pin To Net: NetName=GND Pin=R?-1
Added Pin To Net: NetName=GND Pin=R?-1
Added Pin To Net: NetName=GND Pin=R?-2
Added Pin To Net: NetName=GND Pin=R?-2
Added Pin To Net: NetName=GND Pin=R?-2
Added Pin To Net: NetName=GND Pin=R?-2
Added Pin To Net: NetName=GND Pin=R?-2
Added Pin To Net: NetName=GND Pin=R?-2
Added Pin To Net: NetName=GND Pin=U?-1
Added Pin To Net: NetName=GND Pin=U?-1
Added Pin To Net: NetName=GND Pin=U?-1
Added Pin To Net: NetName=GND Pin=U?-2
Added Pin To Net: NetName=GND Pin=U?-3
Added Pin To Net: NetName=GND Pin=U?-3
Added Pin To Net: NetName=GND Pin=U?-3
Added Pin To Net: NetName=GND Pin=U?-3
Added Pin To Net: NetName=GND Pin=U?-3
Added Pin To Net: NetName=GND Pin=U?-3
Added Pin To Net: NetName=GND Pin=U?-3
Added Pin To Net: NetName=GND Pin=U?-3
Added Pin To Net: NetName=GND Pin=U?-3
Added Pin To Net: NetName=GND Pin=U?-5
Added Pin To Net: NetName=GND Pin=U?-5
Added Pin To Net: NetName=GND Pin=U?-5
Added Pin To Net: NetName=GND Pin=U?-6
Added Pin To Net: NetName=GND Pin=U?-8
Added Pin To Net: NetName=GND Pin=U?-8
Added Pin To Net: NetName=GND Pin=U?-8
Added Pin To Net: NetName=GND Pin=U?-12
Added Pin To Net: NetName=GND Pin=U?-31
Added Pin To Net: NetName=GND Pin=U?-60
Added Pin To Net: NetName=GND Pin=U?-63
Added Pin To Net: NetName=GND Pin=VT?-3
Added Pin To Net: NetName=GND Pin=X?-2
Added Pin To Net: NetName=GND Pin=X?-2
Added Pin To Net: NetName=GND Pin=X?-2
Added Pin To Net: NetName=GND Pin=X?-2
Added Pin To Net: NetName=GND Pin=X?-2
Added Pin To Net: NetName=GND Pin=X?-4
Added Pin To Net: NetName=GND Pin=X?-4
Added Pin To Net: NetName=GND Pin=XS?-4
Added Pin To Net: NetName=GND Pin=XS?-4
Added Pin To Net: NetName=GND Pin=XS?-4
Added Pin To Net: NetName=GND Pin=XS?-4
Added Pin To Net: NetName=GND Pin=XS?-4
Added Net: Name=GND
Added Pin To Net: NetName=IN_A/D_1 Pin=C?-2
Added Pin To Net: NetName=IN_A/D_1 Pin=R?-1
Added Pin To Net: NetName=IN_A/D_1 Pin=R?-1
Added Pin To Net: NetName=IN_A/D_1 Pin=U?-20
Added Net: Name=IN_A/D_1
Added Pin To Net: NetName=IN_A/D_2 Pin=C?-2
Added Pin To Net: NetName=IN_A/D_2 Pin=R?-1
Added Pin To Net: NetName=IN_A/D_2 Pin=R?-1
Added Pin To Net: NetName=IN_A/D_2 Pin=U?-21
Added Net: Name=IN_A/D_2
Added Pin To Net: NetName=IN_A/D_3 Pin=C?-2
Added Pin To Net: NetName=IN_A/D_3 Pin=R?-1
Added Pin To Net: NetName=IN_A/D_3 Pin=R?-1
Added Pin To Net: NetName=IN_A/D_3 Pin=U?-22
Added Net: Name=IN_A/D_3
Added Pin To Net: NetName=IN_A/D_4 Pin=C?-2
Added Pin To Net: NetName=IN_A/D_4 Pin=R?-1
Added Pin To Net: NetName=IN_A/D_4 Pin=R?-1
Added Pin To Net: NetName=IN_A/D_4 Pin=U?-23
Added Net: Name=IN_A/D_4
Added Pin To Net: NetName=IN_A/D_5 Pin=C?-2
Added Pin To Net: NetName=IN_A/D_5 Pin=R?-1
Added Pin To Net: NetName=IN_A/D_5 Pin=R?-1
Added Pin To Net: NetName=IN_A/D_5 Pin=U?-24
Added Net: Name=IN_A/D_5
Added Pin To Net: NetName=ISR1 Pin=R?-2
Added Pin To Net: NetName=ISR1 Pin=U?-4
Added Pin To Net: NetName=ISR1 Pin=U?-33
Added Net: Name=ISR1
Added Pin To Net: NetName=ISR2 Pin=R?-2
Added Pin To Net: NetName=ISR2 Pin=U?-4
Added Pin To Net: NetName=ISR2 Pin=U?-34
Added Net: Name=ISR2
Added Pin To Net: NetName=ISR3 Pin=R?-2
Added Pin To Net: NetName=ISR3 Pin=U?-4
Added Pin To Net: NetName=ISR3 Pin=U?-35
Added Net: Name=ISR3
Added Pin To Net: NetName=ISR4 Pin=R?-2
Added Pin To Net: NetName=ISR4 Pin=U?-4
Added Pin To Net: NetName=ISR4 Pin=U?-36
Added Net: Name=ISR4
Added Pin To Net: NetName=ISR5 Pin=R?-2
Added Pin To Net: NetName=ISR5 Pin=U?-4
Added Pin To Net: NetName=ISR5 Pin=U?-37
Added Net: Name=ISR5
Added Pin To Net: NetName=ISR6 Pin=R?-2
Added Pin To Net: NetName=ISR6 Pin=U?-4
Added Pin To Net: NetName=ISR6 Pin=U?-38
Added Net: Name=ISR6
Added Pin To Net: NetName=ISR7 Pin=R?-2
Added Pin To Net: NetName=ISR7 Pin=U?-4
Added Pin To Net: NetName=ISR7 Pin=U?-39
Added Net: Name=ISR7
Added Pin To Net: NetName=ISR8 Pin=R?-2
Added Pin To Net: NetName=ISR8 Pin=U?-4
Added Pin To Net: NetName=ISR8 Pin=U?-40
Added Net: Name=ISR8
Added Pin To Net: NetName=LED_TX_RX Pin=DS?-1
Added Pin To Net: NetName=LED_TX_RX Pin=U?-41
Added Net: Name=LED_TX_RX
Added Pin To Net: NetName=NetC?_1 Pin=C?-1
Added Pin To Net: NetName=NetC?_1 Pin=R?-1
Added Pin To Net: NetName=NetC?_1 Pin=U?-1
Added Net: Name=NetC?_1
Added Pin To Net: NetName=NetC?_2 Pin=C?-2
Added Pin To Net: NetName=NetC?_2 Pin=U?-6
Added Pin To Net: NetName=NetC?_2 Pin=ZQ?-1
Added Net: Name=NetC?_2
Added Pin To Net: NetName=NetD?_1 Pin=D?-1
Added Pin To Net: NetName=NetD?_1 Pin=R?-2
Added Pin To Net: NetName=NetD?_1 Pin=VT?-3
Added Net: Name=NetD?_1
Added Pin To Net: NetName=NetD?_2 Pin=D?-2
Added Pin To Net: NetName=NetD?_2 Pin=L?-2
Added Pin To Net: NetName=NetD?_2 Pin=L?-2
Added Pin To Net: NetName=NetD?_2 Pin=U?-2
Added Net: Name=NetD?_2
Added Pin To Net: NetName=NetD?_3 Pin=D?-3
Added Pin To Net: NetName=NetD?_3 Pin=R?-1
Added Pin To Net: NetName=NetD?_3 Pin=R?-2
Added Pin To Net: NetName=NetD?_3 Pin=VT?-1
Added Net: Name=NetD?_3
Added Pin To Net: NetName=NetDS?_2 Pin=DS?-2
Added Pin To Net: NetName=NetDS?_2 Pin=R?-2
Added Net: Name=NetDS?_2
Added Pin To Net: NetName=NetF?_1 Pin=F?-1
Added Pin To Net: NetName=NetF?_1 Pin=R?-1
Added Pin To Net: NetName=NetF?_1 Pin=R?-1
Added Pin To Net: NetName=NetF?_1 Pin=R?-1
Added Pin To Net: NetName=NetF?_1 Pin=R?-1
Added Pin To Net: NetName=NetF?_1 Pin=VT?-2
Added Net: Name=NetF?_1
Added Pin To Net: NetName=NetK1_1 Pin=K1-1
Added Net: Name=NetK1_1
Added Pin To Net: NetName=NetK1_7 Pin=K1-7
Added Net: Name=NetK1_7
Added Pin To Net: NetName=NetK2_1 Pin=K2-1
Added Net: Name=NetK2_1
Added Pin To Net: NetName=NetK2_7 Pin=K2-7
Added Net: Name=NetK2_7
Added Pin To Net: NetName=NetK3_1 Pin=K3-1
Added Net: Name=NetK3_1
Added Pin To Net: NetName=NetK3_7 Pin=K3-7
Added Net: Name=NetK3_7
Added Pin To Net: NetName=NetK4_1 Pin=K4-1
Added Net: Name=NetK4_1
Added Pin To Net: NetName=NetK4_7 Pin=K4-7
Added Net: Name=NetK4_7
Added Pin To Net: NetName=NetK5_1 Pin=K5-1
Added Net: Name=NetK5_1
Added Pin To Net: NetName=NetK5_7 Pin=K5-7
Added Net: Name=NetK5_7
Added Pin To Net: NetName=NetK6_1 Pin=K6-1
Added Net: Name=NetK6_1
Added Pin To Net: NetName=NetK6_7 Pin=K6-7
Added Net: Name=NetK6_7
Added Pin To Net: NetName=NetK7_1 Pin=K7-1
Added Net: Name=NetK7_1
Added Pin To Net: NetName=NetK7_7 Pin=K7-7
Added Net: Name=NetK7_7
Added Pin To Net: NetName=NetK8_1 Pin=K8-1
Added Net: Name=NetK8_1
Added Pin To Net: NetName=NetK8_7 Pin=K8-7
Added Net: Name=NetK8_7
Added Pin To Net: NetName=NetK9_1 Pin=K9-1
Added Net: Name=NetK9_1
Added Pin To Net: NetName=NetK9_7 Pin=K9-7
Added Net: Name=NetK9_7
Added Pin To Net: NetName=NetK10_1 Pin=K10-1
Added Net: Name=NetK10_1
Added Pin To Net: NetName=NetK10_7 Pin=K10-7
Added Net: Name=NetK10_7
Added Pin To Net: NetName=NetK11_1 Pin=K11-1
Added Net: Name=NetK11_1
Added Pin To Net: NetName=NetK11_7 Pin=K11-7
Added Net: Name=NetK11_7
Added Pin To Net: NetName=NetK12_1 Pin=K12-1
Added Net: Name=NetK12_1
Added Pin To Net: NetName=NetK12_7 Pin=K12-7
Added Net: Name=NetK12_7
Added Pin To Net: NetName=NetK13_1 Pin=K13-1
Added Net: Name=NetK13_1
Added Pin To Net: NetName=NetK13_7 Pin=K13-7
Added Net: Name=NetK13_7
Added Pin To Net: NetName=NetK14_1 Pin=K14-1
Added Net: Name=NetK14_1
Added Pin To Net: NetName=NetK14_7 Pin=K14-7
Added Net: Name=NetK14_7
Added Pin To Net: NetName=NetK15_3 Pin=K15-3
Added Pin To Net: NetName=NetK15_3 Pin=X?-3
Added Net: Name=NetK15_3
Added Pin To Net: NetName=NetK15_4 Pin=K15-4
Added Pin To Net: NetName=NetK15_4 Pin=X?-2
Added Net: Name=NetK15_4
Added Pin To Net: NetName=NetK15_5 Pin=K15-5
Added Pin To Net: NetName=NetK15_5 Pin=X?-1
Added Net: Name=NetK15_5
Added Pin To Net: NetName=NetK16_3 Pin=K16-3
Added Pin To Net: NetName=NetK16_3 Pin=X?-3
Added Net: Name=NetK16_3
Added Pin To Net: NetName=NetK16_4 Pin=K16-4
Added Pin To Net: NetName=NetK16_4 Pin=X?-2
Added Net: Name=NetK16_4
Added Pin To Net: NetName=NetK16_5 Pin=K16-5
Added Pin To Net: NetName=NetK16_5 Pin=X?-1
Added Net: Name=NetK16_5
Added Pin To Net: NetName=NetK17_3 Pin=K17-3
Added Pin To Net: NetName=NetK17_3 Pin=X?-3
Added Net: Name=NetK17_3
Added Pin To Net: NetName=NetK17_4 Pin=K17-4
Added Pin To Net: NetName=NetK17_4 Pin=X?-2
Added Net: Name=NetK17_4
Added Pin To Net: NetName=NetK17_5 Pin=K17-5
Added Pin To Net: NetName=NetK17_5 Pin=X?-1
Added Net: Name=NetK17_5
Added Pin To Net: NetName=NetK18_3 Pin=K18-3
Added Pin To Net: NetName=NetK18_3 Pin=X?-3
Added Net: Name=NetK18_3
Added Pin To Net: NetName=NetK18_4 Pin=K18-4
Added Pin To Net: NetName=NetK18_4 Pin=X?-2
Added Net: Name=NetK18_4
Added Pin To Net: NetName=NetK18_5 Pin=K18-5
Added Pin To Net: NetName=NetK18_5 Pin=X?-1
Added Net: Name=NetK18_5
Added Pin To Net: NetName=NetR?_1 Pin=R?-1
Added Pin To Net: NetName=NetR?_1 Pin=VT?-2
Added Net: Name=NetR?_1
Added Pin To Net: NetName=NetR?_2 Pin=R?-2
Added Pin To Net: NetName=NetR?_2 Pin=R?-2
Added Pin To Net: NetName=NetR?_2 Pin=R?-2
Added Pin To Net: NetName=NetR?_2 Pin=R?-2
Added Pin To Net: NetName=NetR?_2 Pin=R?-2
Added Pin To Net: NetName=NetR?_2 Pin=VT?-1
Added Pin To Net: NetName=NetR?_2 Pin=VT?-3
Added Net: Name=NetR?_2
Added Pin To Net: NetName=NetU?_1 Pin=U?-1
Added Pin To Net: NetName=NetU?_1 Pin=U?-3
Added Net: Name=NetU?_1
Added Pin To Net: NetName=NetU?_2 Pin=U?-2
Added Pin To Net: NetName=NetU?_2 Pin=U?-3
Added Net: Name=NetU?_2
Added Pin To Net: NetName=NetU?_6 Pin=U?-6
Added Net: Name=NetU?_6
Added Pin To Net: NetName=NetU?_7 Pin=U?-7
Added Net: Name=NetU?_7
Added Pin To Net: NetName=NRST Pin=C?-1
Added Pin To Net: NetName=NRST Pin=R?-2
Added Pin To Net: NetName=NRST Pin=U?-7
Added Pin To Net: NetName=NRST Pin=X?-4
Added Net: Name=NRST
Added Pin To Net: NetName=SWCLK Pin=U?-49
Added Pin To Net: NetName=SWCLK Pin=X?-1
Added Net: Name=SWCLK
Added Pin To Net: NetName=SWDAT Pin=X?-3
Added Net: Name=SWDAT
Added Pin To Net: NetName=SWDIO Pin=U?-46
Added Net: Name=SWDIO
Added Pin To Net: NetName=USART1_DE Pin=R?-1
Added Pin To Net: NetName=USART1_DE Pin=U?-3
Added Pin To Net: NetName=USART1_DE Pin=U?-45
Added Net: Name=USART1_DE
Added Pin To Net: NetName=USART1_RX Pin=U?-6
Added Pin To Net: NetName=USART1_RX Pin=U?-43
Added Net: Name=USART1_RX
Added Pin To Net: NetName=USART1_TX Pin=U?-7
Added Pin To Net: NetName=USART1_TX Pin=U?-42
Added Net: Name=USART1_TX
Added Class: Name=Sheet_AD_inputs_connectors
Added Class: Name=Sheet_MCU_IO
Added Class: Name=Sheet_Power
Added Class: Name=Sheet_RS-485
Added Room: Name=Sheet_AD_inputs_connectors
Added Room: Name=Sheet_MCU_IO
Added Room: Name=Sheet_Power
Added Room: Name=Sheet_RS-485
