Removed Pin From Net: NetName=NetP1_1 Pin=P1-2
Removed Pin From Net: NetName=GND Pin=P1-3
Removed Pin From Net: NetName=GND Pin=P1-4
Removed Pin From Net: NetName=USART1_TX Pin=P1-5
Removed Pin From Net: NetName=USART1_DE Pin=P1-9
Removed Pin From Net: NetName=NetDS3_1 Pin=P1-10
Removed Pin From Net: NetName=NetP1_13 Pin=U31-7
Added Pin To Net: NetName=USART1_DE Pin=P1-5
Added Pin To Net: NetName=NetDS3_1 Pin=P1-6
Added Pin To Net: NetName=USART1_TX Pin=P1-9
Added Pin To Net: NetName=GND Pin=P1-11
Added Pin To Net: NetName=GND Pin=P1-12
Added Pin To Net: NetName=NetP1_13 Pin=P1-14
Added Pin To Net: NetName=NetP1_1 Pin=U31-7
Added Pin To Net: NetName=NetP1_3 Pin=P1-3
Added Pin To Net: NetName=NetP1_3 Pin=U31-6
Added Net: Name=NetP1_3
Added Pin To Net: NetName=NetP1_4 Pin=P1-4
Added Pin To Net: NetName=NetP1_4 Pin=S2-2
Added Net: Name=NetP1_4
