Removed Pin From Net: NetName=12V_B Pin=K1-3
Removed Pin From Net: NetName=C_OSR1 Pin=K1-5
Removed Pin From Net: NetName=12V_B Pin=K2-3
Removed Pin From Net: NetName=C_OSR2 Pin=K2-5
Removed Pin From Net: NetName=C_OSR3 Pin=K3-5
Removed Pin From Net: NetName=C_OSR4 Pin=K4-5
Removed Pin From Net: NetName=C_OSR5 Pin=K5-5
Removed Pin From Net: NetName=C_OSR6 Pin=K6-5
Removed Pin From Net: NetName=C_OSR7 Pin=K7-5
Removed Pin From Net: NetName=C_OSR8 Pin=K8-5
Removed Pin From Net: NetName=C_OSR9 Pin=K9-5
Removed Pin From Net: NetName=12V_B Pin=K10-3
Removed Pin From Net: NetName=C_OSR10 Pin=K10-5
Removed Pin From Net: NetName=12V_B Pin=K11-3
Removed Pin From Net: NetName=C_OSR11 Pin=K11-5
Removed Pin From Net: NetName=C_OSR12 Pin=K12-5
Removed Pin From Net: NetName=C_OSR13 Pin=K13-5
Removed Pin From Net: NetName=C_OSR14 Pin=K14-5
Removed Pin From Net: NetName=12V_B Pin=K15-1
Removed Pin From Net: NetName=C_OPR4 Pin=K15-2
Removed Pin From Net: NetName=12V_B Pin=K16-1
Removed Pin From Net: NetName=C_OPR3 Pin=K16-2
Removed Pin From Net: NetName=12V_B Pin=K17-1
Removed Pin From Net: NetName=C_OPR2 Pin=K17-2
Removed Pin From Net: NetName=12V_B Pin=K18-1
Removed Pin From Net: NetName=C_OPR1 Pin=K18-2
Removed Pin From Net: NetName=B_OSR14 Pin=U17-1
Removed Pin From Net: NetName=B_OSR13 Pin=U17-2
Removed Pin From Net: NetName=B_OSR12 Pin=U17-3
Removed Pin From Net: NetName=B_OSR11 Pin=U17-4
Removed Pin From Net: NetName=B_OSR10 Pin=U17-5
Removed Pin From Net: NetName=B_OSR9 Pin=U17-6
Removed Pin From Net: NetName=B_OSR8 Pin=U17-7
Removed Pin From Net: NetName=GND_B Pin=U17-8
Removed Pin From Net: NetName=12V_B Pin=U17-9
Removed Pin From Net: NetName=C_OSR8 Pin=U17-10
Removed Pin From Net: NetName=C_OSR9 Pin=U17-11
Removed Pin From Net: NetName=C_OSR10 Pin=U17-12
Removed Pin From Net: NetName=C_OSR11 Pin=U17-13
Removed Pin From Net: NetName=C_OSR12 Pin=U17-14
Removed Pin From Net: NetName=C_OSR13 Pin=U17-15
Removed Pin From Net: NetName=C_OSR14 Pin=U17-16
Removed Pin From Net: NetName=B_OSR7 Pin=U19-1
Removed Pin From Net: NetName=B_OSR6 Pin=U19-2
Removed Pin From Net: NetName=B_OSR5 Pin=U19-3
Removed Pin From Net: NetName=B_OSR4 Pin=U19-4
Removed Pin From Net: NetName=B_OSR3 Pin=U19-5
Removed Pin From Net: NetName=B_OSR2 Pin=U19-6
Removed Pin From Net: NetName=B_OSR1 Pin=U19-7
Removed Pin From Net: NetName=GND_B Pin=U19-8
Removed Pin From Net: NetName=12V_B Pin=U19-9
Removed Pin From Net: NetName=C_OSR1 Pin=U19-10
Removed Pin From Net: NetName=C_OSR2 Pin=U19-11
Removed Pin From Net: NetName=C_OSR3 Pin=U19-12
Removed Pin From Net: NetName=C_OSR4 Pin=U19-13
Removed Pin From Net: NetName=C_OSR5 Pin=U19-14
Removed Pin From Net: NetName=C_OSR6 Pin=U19-15
Removed Pin From Net: NetName=C_OSR7 Pin=U19-16
Removed Pin From Net: NetName=GND_B Pin=U22-1
Removed Pin From Net: NetName=GND_B Pin=U22-2
Removed Pin From Net: NetName=GND_B Pin=U22-3
Removed Pin From Net: NetName=B_OPR4 Pin=U22-4
Removed Pin From Net: NetName=B_OPR3 Pin=U22-5
Removed Pin From Net: NetName=B_OPR2 Pin=U22-6
Removed Pin From Net: NetName=B_OPR1 Pin=U22-7
Removed Pin From Net: NetName=GND_B Pin=U22-8
Removed Pin From Net: NetName=12V_B Pin=U22-9
Removed Pin From Net: NetName=C_OPR1 Pin=U22-10
Removed Pin From Net: NetName=C_OPR2 Pin=U22-11
Removed Pin From Net: NetName=C_OPR3 Pin=U22-12
Removed Pin From Net: NetName=C_OPR4 Pin=U22-13
Removed Pin From Net: NetName=NetK5_1 Pin=X7-1
Removed Pin From Net: NetName=NetK5_7 Pin=X7-2
Removed Pin From Net: NetName=NetK6_1 Pin=X7-3
Removed Pin From Net: NetName=NetK6_7 Pin=X7-4
Removed Pin From Net: NetName=NetK7_1 Pin=X7-5
Removed Pin From Net: NetName=NetK7_7 Pin=X7-6
Removed Pin From Net: NetName=NetK8_1 Pin=X7-7
Removed Pin From Net: NetName=NetK8_7 Pin=X7-8
Removed Pin From Net: NetName=NetK3_1 Pin=X8-5
Removed Pin From Net: NetName=NetK3_7 Pin=X8-6
Removed Pin From Net: NetName=NetK4_1 Pin=X8-7
Removed Pin From Net: NetName=NetK4_7 Pin=X8-8
Removed Pin From Net: NetName=NetK13_1 Pin=X25-1
Removed Pin From Net: NetName=NetK13_7 Pin=X25-2
Removed Pin From Net: NetName=NetK14_1 Pin=X25-3
Removed Pin From Net: NetName=NetK14_7 Pin=X25-4
Removed Pin From Net: NetName=NetK9_1 Pin=X26-1
Removed Pin From Net: NetName=NetK9_7 Pin=X26-2
Removed Pin From Net: NetName=NetK12_1 Pin=X26-7
Removed Pin From Net: NetName=NetK12_7 Pin=X26-8
Removed Member From Class: ClassName=Sheet_Bott_Back Member=U17
Removed Member From Class: ClassName=Sheet_Bott_Back Member=U19
Removed Member From Class: ClassName=Sheet_Bott_Back Member=U22
Removed Member From Class: ClassName=Sheet_Bott_Back Member=X10
Removed Member From Class: ClassName=Sheet_Bott_Back Member=X11
Removed Member From Class: ClassName=Sheet_Bott_Back Member=X12
Removed Member From Class: ClassName=Sheet_Bott_Back Member=X14
Removed Member From Class: ClassName=Sheet_Bott_Back Member=X25
Removed Member From Class: ClassName=Sheet_Bott_Back Member=X26
Change Component DesignItemId : Designator=K1 Old DesignItemId=BRS-1A12 New DesignItemId=JQC-3F-DC12VH-7A
Change Component DesignItemId : Designator=K2 Old DesignItemId=BRS-1A12 New DesignItemId=JQC-3F-DC12VH-7A
Change Component DesignItemId : Designator=K10 Old DesignItemId=BRS-1A12 New DesignItemId=JQC-3F-DC12VH-7A
Change Component DesignItemId : Designator=K11 Old DesignItemId=BRS-1A12 New DesignItemId=JQC-3F-DC12VH-7A
Change Component DesignItemId : Designator=K15 Old DesignItemId=JQC-3F-DC12VH-7A New DesignItemId=BRS-1A12
Change Component DesignItemId : Designator=K16 Old DesignItemId=JQC-3F-DC12VH-7A New DesignItemId=BRS-1A12
Change Component DesignItemId : Designator=K17 Old DesignItemId=JQC-3F-DC12VH-7A New DesignItemId=BRS-1A12
Change Component DesignItemId : Designator=K18 Old DesignItemId=JQC-3F-DC12VH-7A New DesignItemId=BRS-1A12
Change Component DesignItemId : Designator=X7 Old DesignItemId=MC_3.5_8 New DesignItemId=2EDGR-5.0-03P
Change Component DesignItemId : Designator=X8 Old DesignItemId=MC_3.5_8 New DesignItemId=2EDGR-5.0-03P
Change Component Footprint: Designator=K15 Old Footprint=BS-115C-12A New Footprint=R_BRS
Change Component Footprint: Designator=K16 Old Footprint=BS-115C-12A New Footprint=R_BRS
Change Component Footprint: Designator=K17 Old Footprint=BS-115C-12A New Footprint=R_BRS
Change Component Footprint: Designator=K18 Old Footprint=BS-115C-12A New Footprint=R_BRS
Change Component Footprint: Designator=X7 Old Footprint=MC_3.5_8 New Footprint=2EDGR-5.0-03P
Change Component Footprint: Designator=X8 Old Footprint=MC_3.5_8 New Footprint=2EDGR-5.0-03P
Change Component Footprint: Designator=K1 Old Footprint=R_BRS New Footprint=BS-115C-12A
Change Component Footprint: Designator=K2 Old Footprint=R_BRS New Footprint=BS-115C-12A
Change Component Footprint: Designator=K10 Old Footprint=R_BRS New Footprint=BS-115C-12A
Change Component Footprint: Designator=K11 Old Footprint=R_BRS New Footprint=BS-115C-12A
Change Component Comment : Designator=X7 Old Comment=15EDGRC-3.5-08P New Comment=2EDGR-5.0-03P
Change Component Comment : Designator=X8 Old Comment=15EDGRC-3.5-08P New Comment=2EDGR-5.0-03P
Change Component Comment : Designator=K1 Old Comment=BRS-1A12 New Comment=JQC-3F-DC12VH-15A
Change Component Comment : Designator=K2 Old Comment=BRS-1A12 New Comment=JQC-3F-DC12VH-15A
Change Component Comment : Designator=K10 Old Comment=BRS-1A12 New Comment=JQC-3F-DC12VH-15A
Change Component Comment : Designator=K11 Old Comment=BRS-1A12 New Comment=JQC-3F-DC12VH-15A
Change Component Comment : Designator=K15 Old Comment=JQC-3F-DC12VH-15A New Comment=BRS-1A12
Change Component Comment : Designator=K16 Old Comment=JQC-3F-DC12VH-15A New Comment=BRS-1A12
Change Component Comment : Designator=K17 Old Comment=JQC-3F-DC12VH-15A New Comment=BRS-1A12
Change Component Comment : Designator=K18 Old Comment=JQC-3F-DC12VH-15A New Comment=BRS-1A12
Change Component Designator: OldDesignator=P4 NewDesignator=P1
Change Component Designator: OldDesignator=P5 NewDesignator=P2
Added Component: Designator=U1(SO-16_N)
Added Component: Designator=U2(SO-16_N)
Added Component: Designator=U3(SO-16_N)
Added Component: Designator=X1(MC_3.5_8)
Added Component: Designator=X2(MC_3.5_8)
Added Component: Designator=X3(MC_3.5_8)
Added Component: Designator=X4(MC_3.5_4)
Added Component: Designator=X5(2EDGR-5.0-03P)
Added Component: Designator=X6(2EDGR-5.0-03P)
Added Pin To Net: NetName=12V_B Pin=K1-1
Added Pin To Net: NetName=C_OPR4 Pin=K1-2
Added Pin To Net: NetName=12V_B Pin=K2-1
Added Pin To Net: NetName=C_OPR3 Pin=K2-2
Added Pin To Net: NetName=C_OSR1 Pin=K3-5
Added Pin To Net: NetName=C_OSR2 Pin=K4-5
Added Pin To Net: NetName=C_OSR3 Pin=K5-5
Added Pin To Net: NetName=C_OSR4 Pin=K6-5
Added Pin To Net: NetName=C_OSR5 Pin=K7-5
Added Pin To Net: NetName=C_OSR6 Pin=K8-5
Added Pin To Net: NetName=C_OSR7 Pin=K9-5
Added Pin To Net: NetName=12V_B Pin=K10-1
Added Pin To Net: NetName=C_OPR2 Pin=K10-2
Added Pin To Net: NetName=12V_B Pin=K11-1
Added Pin To Net: NetName=C_OPR1 Pin=K11-2
Added Pin To Net: NetName=C_OSR8 Pin=K12-5
Added Pin To Net: NetName=C_OSR9 Pin=K13-5
Added Pin To Net: NetName=C_OSR10 Pin=K14-5
Added Pin To Net: NetName=12V_B Pin=K15-3
Added Pin To Net: NetName=C_OSR11 Pin=K15-5
Added Pin To Net: NetName=12V_B Pin=K16-3
Added Pin To Net: NetName=C_OSR12 Pin=K16-5
Added Pin To Net: NetName=12V_B Pin=K17-3
Added Pin To Net: NetName=C_OSR13 Pin=K17-5
Added Pin To Net: NetName=12V_B Pin=K18-3
Added Pin To Net: NetName=C_OSR14 Pin=K18-5
Added Pin To Net: NetName=B_OSR7 Pin=U1-1
Added Pin To Net: NetName=B_OSR6 Pin=U1-2
Added Pin To Net: NetName=B_OSR5 Pin=U1-3
Added Pin To Net: NetName=B_OSR4 Pin=U1-4
Added Pin To Net: NetName=B_OSR3 Pin=U1-5
Added Pin To Net: NetName=B_OSR2 Pin=U1-6
Added Pin To Net: NetName=B_OSR1 Pin=U1-7
Added Pin To Net: NetName=GND_B Pin=U1-8
Added Pin To Net: NetName=12V_B Pin=U1-9
Added Pin To Net: NetName=C_OSR1 Pin=U1-10
Added Pin To Net: NetName=C_OSR2 Pin=U1-11
Added Pin To Net: NetName=C_OSR3 Pin=U1-12
Added Pin To Net: NetName=C_OSR4 Pin=U1-13
Added Pin To Net: NetName=C_OSR5 Pin=U1-14
Added Pin To Net: NetName=C_OSR6 Pin=U1-15
Added Pin To Net: NetName=C_OSR7 Pin=U1-16
Added Pin To Net: NetName=B_OSR14 Pin=U2-1
Added Pin To Net: NetName=B_OSR13 Pin=U2-2
Added Pin To Net: NetName=B_OSR12 Pin=U2-3
Added Pin To Net: NetName=B_OSR11 Pin=U2-4
Added Pin To Net: NetName=B_OSR10 Pin=U2-5
Added Pin To Net: NetName=B_OSR9 Pin=U2-6
Added Pin To Net: NetName=B_OSR8 Pin=U2-7
Added Pin To Net: NetName=GND_B Pin=U2-8
Added Pin To Net: NetName=12V_B Pin=U2-9
Added Pin To Net: NetName=C_OSR8 Pin=U2-10
Added Pin To Net: NetName=C_OSR9 Pin=U2-11
Added Pin To Net: NetName=C_OSR10 Pin=U2-12
Added Pin To Net: NetName=C_OSR11 Pin=U2-13
Added Pin To Net: NetName=C_OSR12 Pin=U2-14
Added Pin To Net: NetName=C_OSR13 Pin=U2-15
Added Pin To Net: NetName=C_OSR14 Pin=U2-16
Added Pin To Net: NetName=GND_B Pin=U3-1
Added Pin To Net: NetName=GND_B Pin=U3-2
Added Pin To Net: NetName=GND_B Pin=U3-3
Added Pin To Net: NetName=B_OPR4 Pin=U3-4
Added Pin To Net: NetName=B_OPR3 Pin=U3-5
Added Pin To Net: NetName=B_OPR2 Pin=U3-6
Added Pin To Net: NetName=B_OPR1 Pin=U3-7
Added Pin To Net: NetName=GND_B Pin=U3-8
Added Pin To Net: NetName=12V_B Pin=U3-9
Added Pin To Net: NetName=C_OPR1 Pin=U3-10
Added Pin To Net: NetName=C_OPR2 Pin=U3-11
Added Pin To Net: NetName=C_OPR3 Pin=U3-12
Added Pin To Net: NetName=C_OPR4 Pin=U3-13
Added Pin To Net: NetName=NetK7_1 Pin=X1-1
Added Pin To Net: NetName=NetK7_7 Pin=X1-2
Added Pin To Net: NetName=NetK8_1 Pin=X1-3
Added Pin To Net: NetName=NetK8_7 Pin=X1-4
Added Pin To Net: NetName=NetK9_1 Pin=X1-5
Added Pin To Net: NetName=NetK9_7 Pin=X1-6
Added Pin To Net: NetName=NetK12_1 Pin=X1-7
Added Pin To Net: NetName=NetK12_7 Pin=X1-8
Added Pin To Net: NetName=NetK3_1 Pin=X2-1
Added Pin To Net: NetName=NetK3_7 Pin=X2-2
Added Pin To Net: NetName=NetK4_1 Pin=X2-3
Added Pin To Net: NetName=NetK4_7 Pin=X2-4
Added Pin To Net: NetName=NetK5_1 Pin=X2-5
Added Pin To Net: NetName=NetK5_7 Pin=X2-6
Added Pin To Net: NetName=NetK6_1 Pin=X2-7
Added Pin To Net: NetName=NetK6_7 Pin=X2-8
Added Pin To Net: NetName=NetK13_1 Pin=X3-1
Added Pin To Net: NetName=NetK13_7 Pin=X3-2
Added Pin To Net: NetName=NetK14_1 Pin=X3-3
Added Pin To Net: NetName=NetK14_7 Pin=X3-4
Added Pin To Net: NetName=NetK1_3 Pin=K1-3
Added Pin To Net: NetName=NetK1_3 Pin=X5-1
Added Net: Name=NetK1_3
Added Pin To Net: NetName=NetK1_4 Pin=K1-4
Added Pin To Net: NetName=NetK1_4 Pin=X5-2
Added Net: Name=NetK1_4
Added Pin To Net: NetName=NetK1_5 Pin=K1-5
Added Pin To Net: NetName=NetK1_5 Pin=X5-3
Added Net: Name=NetK1_5
Added Pin To Net: NetName=NetK2_3 Pin=K2-3
Added Pin To Net: NetName=NetK2_3 Pin=X6-1
Added Net: Name=NetK2_3
Added Pin To Net: NetName=NetK2_4 Pin=K2-4
Added Pin To Net: NetName=NetK2_4 Pin=X6-2
Added Net: Name=NetK2_4
Added Pin To Net: NetName=NetK2_5 Pin=K2-5
Added Pin To Net: NetName=NetK2_5 Pin=X6-3
Added Net: Name=NetK2_5
Added Pin To Net: NetName=NetK10_3 Pin=K10-3
Added Pin To Net: NetName=NetK10_3 Pin=X7-1
Added Net: Name=NetK10_3
Added Pin To Net: NetName=NetK10_4 Pin=K10-4
Added Pin To Net: NetName=NetK10_4 Pin=X7-2
Added Net: Name=NetK10_4
Added Pin To Net: NetName=NetK10_5 Pin=K10-5
Added Pin To Net: NetName=NetK10_5 Pin=X7-3
Added Net: Name=NetK10_5
Added Pin To Net: NetName=NetK11_3 Pin=K11-3
Added Pin To Net: NetName=NetK11_3 Pin=X8-1
Added Net: Name=NetK11_3
Added Pin To Net: NetName=NetK11_4 Pin=K11-4
Added Pin To Net: NetName=NetK11_4 Pin=X8-2
Added Net: Name=NetK11_4
Added Pin To Net: NetName=NetK11_5 Pin=K11-5
Added Pin To Net: NetName=NetK11_5 Pin=X8-3
Added Net: Name=NetK11_5
Added Pin To Net: NetName=NetK15_1 Pin=K15-1
Added Pin To Net: NetName=NetK15_1 Pin=X3-5
Added Net: Name=NetK15_1
Added Pin To Net: NetName=NetK15_7 Pin=K15-7
Added Pin To Net: NetName=NetK15_7 Pin=X3-6
Added Net: Name=NetK15_7
Added Pin To Net: NetName=NetK16_1 Pin=K16-1
Added Pin To Net: NetName=NetK16_1 Pin=X3-7
Added Net: Name=NetK16_1
Added Pin To Net: NetName=NetK16_7 Pin=K16-7
Added Pin To Net: NetName=NetK16_7 Pin=X3-8
Added Net: Name=NetK16_7
Added Pin To Net: NetName=NetK17_1 Pin=K17-1
Added Pin To Net: NetName=NetK17_1 Pin=X4-1
Added Net: Name=NetK17_1
Added Pin To Net: NetName=NetK17_7 Pin=K17-7
Added Pin To Net: NetName=NetK17_7 Pin=X4-2
Added Net: Name=NetK17_7
Added Pin To Net: NetName=NetK18_1 Pin=K18-1
Added Pin To Net: NetName=NetK18_1 Pin=X4-3
Added Net: Name=NetK18_1
Added Pin To Net: NetName=NetK18_7 Pin=K18-7
Added Pin To Net: NetName=NetK18_7 Pin=X4-4
Added Net: Name=NetK18_7
Added Member To Class: ClassName=Sheet_Bott_Back Member=Component K6 BRS-1A12
Added Member To Class: ClassName=Sheet_Bott_Back Member=Component U1 ULN2003A
Added Member To Class: ClassName=Sheet_Bott_Back Member=Component U2 ULN2003A
Added Member To Class: ClassName=Sheet_Bott_Back Member=Component U3 ULN2003A
Added Member To Class: ClassName=Sheet_Bott_Back Member=Component X1 15EDGRC-3.5-08P
Added Member To Class: ClassName=Sheet_Bott_Back Member=Component X2 15EDGRC-3.5-08P
Added Member To Class: ClassName=Sheet_Bott_Back Member=Component X3 15EDGRC-3.5-08P
Added Member To Class: ClassName=Sheet_Bott_Back Member=Component X4 15EDGRC-3.5-04P
Added Member To Class: ClassName=Sheet_Bott_Back Member=Component X5 2EDGR-5.0-03P
Added Member To Class: ClassName=Sheet_Bott_Back Member=Component X6 2EDGR-5.0-03P
Added Room: Name=Sheet_Bott_Back
