Removed Pin From Net: NetName=CAN_RX_ Pin=P1-2
Removed Pin From Net: NetName=GND_ Pin=P1-3
Removed Pin From Net: NetName=CAN_TX_ Pin=P1-4
Removed Pin From Net: NetName=LED1_RED_ Pin=P1-5
Removed Pin From Net: NetName=USART5_TX_ Pin=P1-11
Removed Pin From Net: NetName=USART5_RX_ Pin=P1-13
Removed Pin From Net: NetName=BUTTOM_ Pin=X4-5
Added Pin To Net: NetName=GND_ Pin=P1-1
Added Pin To Net: NetName=USART5_RX_ Pin=P1-2
Added Pin To Net: NetName=LED1_RED_ Pin=P1-3
Added Pin To Net: NetName=USART5_TX_ Pin=P1-4
Added Pin To Net: NetName=CAN_RX_ Pin=P1-11
Added Pin To Net: NetName=CAN_TX_ Pin=P1-13
Added Pin To Net: NetName=BUTTOM_ Pin=X4-7
Added Pin To Net: NetName=LED2_ORANGE_ Pin=P1-5
Added Pin To Net: NetName=LED2_ORANGE_ Pin=X4-3
Added Net: Name=LED2_ORANGE_
Added Pin To Net: NetName=LED3_GREEN_ Pin=P1-7
Added Pin To Net: NetName=LED3_GREEN_ Pin=X4-5
Added Net: Name=LED3_GREEN_
