Removed Pin From Net: NetName=5V_CPU_ Pin=P6-2
Removed Pin From Net: NetName=GND_ Pin=P6-4
Change Component Comment : Designator=P6 Old Comment=BH-14 New Comment=BH-14R
Change Component Designator: OldDesignator=P6 NewDesignator=P1
Change Component Designator: OldDesignator=X4 NewDesignator=X3
Change Component Designator: OldDesignator=X5 NewDesignator=X4
Added Component: Designator=X1(PBD2-1.27-20-SMD)
Added Component: Designator=X2(PBD2-1.27-20-SMD)
Added Pin To Net: NetName=GND_ Pin=X1-2
Change Net Name : Old Net Name=USART1_DE_ New Net Name=USART2_DE_
Change Net Name : Old Net Name=USART1_RX_ New Net Name=USART2_TX_
Change Net Name : Old Net Name=USART1_TX_ New Net Name=USART2_RX_
Added Pin To Net: NetName=BUTTOM_ Pin=P1-9
Added Pin To Net: NetName=BUTTOM_ Pin=X4-5
Added Net: Name=BUTTOM_
Added Pin To Net: NetName=CAN_RX_ Pin=P1-4
Added Pin To Net: NetName=CAN_RX_ Pin=X2-15
Added Net: Name=CAN_RX_
Added Pin To Net: NetName=CAN_TX_ Pin=P1-2
Added Pin To Net: NetName=CAN_TX_ Pin=X2-13
Added Net: Name=CAN_TX_
Added Pin To Net: NetName=LED1_RED_ Pin=P1-5
Added Pin To Net: NetName=LED1_RED_ Pin=X4-1
Added Net: Name=LED1_RED_
Added Pin To Net: NetName=LED2_GREEN_ Pin=P1-7
Added Pin To Net: NetName=LED2_GREEN_ Pin=X4-3
Added Net: Name=LED2_GREEN_
Added Pin To Net: NetName=USART5_RX_ Pin=P1-13
Added Pin To Net: NetName=USART5_RX_ Pin=X4-11
Added Net: Name=USART5_RX_
Added Pin To Net: NetName=USART5_TX_ Pin=P1-11
Added Pin To Net: NetName=USART5_TX_ Pin=X4-9
Added Net: Name=USART5_TX_
Added Pin To Net: NetName=USART6_RX_ Pin=P1-14
Added Pin To Net: NetName=USART6_RX_ Pin=X4-15
Added Net: Name=USART6_RX_
Added Pin To Net: NetName=USART6_TX_ Pin=P1-12
Added Pin To Net: NetName=USART6_TX_ Pin=X4-13
Added Net: Name=USART6_TX_
Added Member To Class: ClassName=Sheet_ConnectA10 Member=Component X1 PBD2-20
Added Member To Class: ClassName=Sheet_ConnectA10 Member=Component X2 PBD2-20
Added Room: Name=Sheet_ConnectA10
